[18:42:47] [ServerMain/INFO]: [bootstrap] Running Java 25 (OpenJDK 64-Bit Server VM 25.0.3+9-LTS; Eclipse Adoptium Temurin-25.0.3+9) on Windows Server 2025 10.0 (amd64)
[18:42:47] [ServerMain/INFO]: [bootstrap] Loading Paper 26.1.2-63-main@711c5de (2026-05-11T08:20:02Z) for Minecraft 26.1.2
[18:42:48] [ServerMain/INFO]: [PluginInitializerManager] Initializing plugins...
[18:42:48] [ServerMain/INFO]: [PluginInitializerManager] Initialized 23 plugins
[18:42:48] [ServerMain/INFO]: [PluginInitializerManager] Paper plugins (2):
 - RoseStacker (1.5.40), ToolStats (2.0.4)
[18:42:48] [ServerMain/INFO]: [PluginInitializerManager] Bukkit plugins (21):
 - AnvilORM (1.0.1), AuraSkills (2.3.12), AuthorityAdmin (2.4.2), Backuper (4.0.5), BlueMap (5.20), Chunky (1.5.3), DHSupport (0.13.1), DeathChest (2.2.9), GSit (3.3.3), Geyser-Spigot (2.10.0-SNAPSHOT), InteractionVisualizer (2026.1.1.0), Maintenance (5.0.0), Multiverse-Core (5.6.2), Multiverse-Inventories (5.3.3), Multiverse-Portals (5.2.2), MythicMobs (5.12.0-SNAPSHOT-local), Plan (5.7 build 3306), ProtocolLib (5.4.0), ViaBackwards (5.9.1), ViaVersion (5.9.1), floodgate (2.2.5-SNAPSHOT (b132-5a72b6a))
[18:42:52] [ServerMain/INFO]: Environment: Environment[sessionHost=https://sessionserver.mojang.com, servicesHost=https://api.minecraftservices.com, profilesHost=https://api.mojang.com, name=PROD]
[18:42:52] [ServerMain/INFO]: Found new data pack file/bukkit, loading it automatically
[18:42:52] [ServerMain/INFO]: Found new data pack file/geoworld-datapack, loading it automatically
[18:42:52] [ServerMain/INFO]: Found new data pack paper, loading it automatically
[18:42:52] [Worker-Main-3/ERROR]: Carver: Failed to parse either. First: Not a string: {}; Second: Failed to parse either. First: Not a json array: {}; Second: No key type in MapLike[{}]
[18:42:52] [Worker-Main-3/ERROR]: Carver: Failed to parse either. First: Not a string: {}; Second: Failed to parse either. First: Not a json array: {}; Second: No key type in MapLike[{}]
[18:42:52] [Worker-Main-4/ERROR]: Carver: Failed to parse either. First: Not a string: {}; Second: Failed to parse either. First: Not a json array: {}; Second: No key type in MapLike[{}]
[18:42:52] [Worker-Main-4/ERROR]: Carver: Failed to parse either. First: Not a string: {}; Second: Failed to parse either. First: Not a json array: {}; Second: No key type in MapLike[{}]
[18:42:52] [Worker-Main-3/ERROR]: Carver: Failed to parse either. First: Not a string: {}; Second: Failed to parse either. First: Not a json array: {}; Second: No key type in MapLike[{}]
[18:42:52] [Worker-Main-3/ERROR]: Carver: Failed to parse either. First: Not a string: {}; Second: Failed to parse either. First: Not a json array: {}; Second: No key type in MapLike[{}]
[18:42:52] [Worker-Main-3/ERROR]: Carver: Failed to parse either. First: Not a string: {}; Second: Failed to parse either. First: Not a json array: {}; Second: No key type in MapLike[{}]
[18:42:52] [Worker-Main-3/ERROR]: Carver: Failed to parse either. First: Not a string: {}; Second: Failed to parse either. First: Not a json array: {}; Second: No key type in MapLike[{}]
[18:42:52] [Worker-Main-1/ERROR]: Carver: Failed to parse either. First: Not a string: {}; Second: Failed to parse either. First: Not a json array: {}; Second: No key type in MapLike[{}]
[18:42:52] [Worker-Main-3/ERROR]: Carver: Failed to parse either. First: Not a string: {}; Second: Failed to parse either. First: Not a json array: {}; Second: No key type in MapLike[{}]
[18:42:52] [Worker-Main-1/ERROR]: Carver: Failed to parse either. First: Not a string: {}; Second: Failed to parse either. First: Not a json array: {}; Second: No key type in MapLike[{}]
[18:42:52] [Worker-Main-3/ERROR]: Carver: Failed to parse either. First: Not a string: {}; Second: Failed to parse either. First: Not a json array: {}; Second: No key type in MapLike[{}]
[18:42:52] [Worker-Main-3/ERROR]: Carver: Failed to parse either. First: Not a string: {}; Second: Failed to parse either. First: Not a json array: {}; Second: No key type in MapLike[{}]
[18:42:52] [Worker-Main-3/ERROR]: Carver: Failed to parse either. First: Not a string: {}; Second: Failed to parse either. First: Not a json array: {}; Second: No key type in MapLike[{}]
[18:42:52] [Worker-Main-3/ERROR]: Carver: Failed to parse either. First: Not a string: {}; Second: Failed to parse either. First: Not a json array: {}; Second: No key type in MapLike[{}]
[18:42:52] [Worker-Main-3/ERROR]: Carver: Failed to parse either. First: Not a string: {}; Second: Failed to parse either. First: Not a json array: {}; Second: No key type in MapLike[{}]
[18:42:52] [Worker-Main-3/ERROR]: Carver: Failed to parse either. First: Not a string: {}; Second: Failed to parse either. First: Not a json array: {}; Second: No key type in MapLike[{}]
[18:42:52] [Worker-Main-3/ERROR]: Carver: Failed to parse either. First: Not a string: {}; Second: Failed to parse either. First: Not a json array: {}; Second: No key type in MapLike[{}]
[18:42:52] [Worker-Main-3/ERROR]: Carver: Failed to parse either. First: Not a string: {}; Second: Failed to parse either. First: Not a json array: {}; Second: No key type in MapLike[{}]
[18:42:52] [Worker-Main-3/ERROR]: Carver: Failed to parse either. First: Not a string: {}; Second: Failed to parse either. First: Not a json array: {}; Second: No key type in MapLike[{}]
[18:42:52] [Worker-Main-3/ERROR]: Carver: Failed to parse either. First: Not a string: {}; Second: Failed to parse either. First: Not a json array: {}; Second: No key type in MapLike[{}]
[18:42:52] [Worker-Main-3/ERROR]: Carver: Failed to parse either. First: Not a string: {}; Second: Failed to parse either. First: Not a json array: {}; Second: No key type in MapLike[{}]
[18:42:52] [Worker-Main-3/ERROR]: Carver: Failed to parse either. First: Not a string: {}; Second: Failed to parse either. First: Not a json array: {}; Second: No key type in MapLike[{}]
[18:42:52] [Worker-Main-3/ERROR]: Carver: Failed to parse either. First: Not a string: {}; Second: Failed to parse either. First: Not a json array: {}; Second: No key type in MapLike[{}]
[18:42:52] [Worker-Main-1/ERROR]: Carver: Failed to parse either. First: Not a string: {}; Second: Failed to parse either. First: Not a json array: {}; Second: No key type in MapLike[{}]
[18:42:52] [Worker-Main-1/ERROR]: Carver: Failed to parse either. First: Not a string: {}; Second: Failed to parse either. First: Not a json array: {}; Second: No key type in MapLike[{}]
[18:42:52] [Worker-Main-1/ERROR]: Carver: Failed to parse either. First: Not a string: {}; Second: Failed to parse either. First: Not a json array: {}; Second: No key type in MapLike[{}]
[18:42:52] [Worker-Main-3/ERROR]: Carver: Failed to parse either. First: Not a string: {}; Second: Failed to parse either. First: Not a json array: {}; Second: No key type in MapLike[{}]
[18:42:52] [Worker-Main-3/ERROR]: Carver: Failed to parse either. First: Not a string: {}; Second: Failed to parse either. First: Not a json array: {}; Second: No key type in MapLike[{}]
[18:42:52] [Worker-Main-3/ERROR]: Carver: Failed to parse either. First: Not a string: {}; Second: Failed to parse either. First: Not a json array: {}; Second: No key type in MapLike[{}]
[18:42:52] [Worker-Main-3/ERROR]: Carver: Failed to parse either. First: Not a string: {}; Second: Failed to parse either. First: Not a json array: {}; Second: No key type in MapLike[{}]
[18:42:52] [Worker-Main-3/ERROR]: Carver: Failed to parse either. First: Not a string: {}; Second: Failed to parse either. First: Not a json array: {}; Second: No key type in MapLike[{}]
[18:42:52] [Worker-Main-3/ERROR]: Carver: Failed to parse either. First: Not a string: {}; Second: Failed to parse either. First: Not a json array: {}; Second: No key type in MapLike[{}]
[18:42:52] [Worker-Main-3/ERROR]: Carver: Failed to parse either. First: Not a string: {}; Second: Failed to parse either. First: Not a json array: {}; Second: No key type in MapLike[{}]
[18:42:52] [Worker-Main-3/ERROR]: Carver: Failed to parse either. First: Not a string: {}; Second: Failed to parse either. First: Not a json array: {}; Second: No key type in MapLike[{}]
[18:42:52] [Worker-Main-3/ERROR]: Carver: Failed to parse either. First: Not a string: {}; Second: Failed to parse either. First: Not a json array: {}; Second: No key type in MapLike[{}]
[18:42:52] [Worker-Main-3/ERROR]: Carver: Failed to parse either. First: Not a string: {}; Second: Failed to parse either. First: Not a json array: {}; Second: No key type in MapLike[{}]
[18:42:52] [Worker-Main-3/ERROR]: Carver: Failed to parse either. First: Not a string: {}; Second: Failed to parse either. First: Not a json array: {}; Second: No key type in MapLike[{}]
[18:42:52] [Worker-Main-1/ERROR]: Carver: Failed to parse either. First: Not a string: {}; Second: Failed to parse either. First: Not a json array: {}; Second: No key type in MapLike[{}]
[18:42:52] [Worker-Main-1/ERROR]: Carver: Failed to parse either. First: Not a string: {}; Second: Failed to parse either. First: Not a json array: {}; Second: No key type in MapLike[{}]
[18:42:52] [Worker-Main-3/ERROR]: Carver: Failed to parse either. First: Not a string: {}; Second: Failed to parse either. First: Not a json array: {}; Second: No key type in MapLike[{}]
[18:42:52] [Worker-Main-3/ERROR]: Carver: Failed to parse either. First: Not a string: {}; Second: Failed to parse either. First: Not a json array: {}; Second: No key type in MapLike[{}]
[18:42:52] [Worker-Main-3/ERROR]: Carver: Failed to parse either. First: Not a string: {}; Second: Failed to parse either. First: Not a json array: {}; Second: No key type in MapLike[{}]
[18:42:52] [Worker-Main-3/ERROR]: Carver: Failed to parse either. First: Not a string: {}; Second: Failed to parse either. First: Not a json array: {}; Second: No key type in MapLike[{}]
[18:42:52] [Worker-Main-3/ERROR]: Carver: Failed to parse either. First: Not a string: {}; Second: Failed to parse either. First: Not a json array: {}; Second: No key type in MapLike[{}]
[18:42:52] [Worker-Main-1/ERROR]: Carver: Failed to parse either. First: Not a string: {}; Second: Failed to parse either. First: Not a json array: {}; Second: No key type in MapLike[{}]
[18:42:52] [Worker-Main-1/ERROR]: Carver: Failed to parse either. First: Not a string: {}; Second: Failed to parse either. First: Not a json array: {}; Second: No key type in MapLike[{}]
[18:42:52] [Worker-Main-3/ERROR]: Carver: Failed to parse either. First: Not a string: {}; Second: Failed to parse either. First: Not a json array: {}; Second: No key type in MapLike[{}]
[18:42:52] [Worker-Main-3/ERROR]: Carver: Failed to parse either. First: Not a string: {}; Second: Failed to parse either. First: Not a json array: {}; Second: No key type in MapLike[{}]
[18:42:52] [Worker-Main-3/ERROR]: Carver: Failed to parse either. First: Not a string: {}; Second: Failed to parse either. First: Not a json array: {}; Second: No key type in MapLike[{}]
[18:42:53] [Worker-Main-3/ERROR]: Registry loading errors:
> Errors in registry minecraft:worldgen/biome:
>> Errors in element geoworld:abyssal_trench:
java.lang.IllegalStateException: Failed to parse geoworld:abyssal_trench from pack file/geoworld-datapack
	at net.minecraft.resources.RegistryLoadTask$PendingRegistration.loadFromResource(RegistryLoadTask.java:116)
	at net.minecraft.resources.ResourceManagerRegistryLoadTask.lambda$load$2(ResourceManagerRegistryLoadTask.java:55)
	at net.minecraft.util.thread.ParallelMapTransform$Container.applyOperation(ParallelMapTransform.java:123)
	at net.minecraft.util.thread.ParallelMapTransform$BatchedTaskSplitter.lambda$createTask$0(ParallelMapTransform.java:80)
	at java.base/java.util.concurrent.CompletableFuture$AsyncRun.run(CompletableFuture.java:1825)
	at java.base/java.util.concurrent.CompletableFuture$AsyncRun.exec(CompletableFuture.java:1817)
	at java.base/java.util.concurrent.ForkJoinTask.doExec(ForkJoinTask.java:511)
	at java.base/java.util.concurrent.ForkJoinPool$WorkQueue.topLevelExec(ForkJoinPool.java:1450)
	at java.base/java.util.concurrent.ForkJoinPool.runWorker(ForkJoinPool.java:2019)
	at java.base/java.util.concurrent.ForkJoinWorkerThread.run(ForkJoinWorkerThread.java:187)
Caused by: java.lang.IllegalStateException: Failed to parse either. First: Not a string: {}; Second: Failed to parse either. First: Not a json array: {}; Second: No key type in MapLike[{}]
	at com.mojang.serialization.DataResult$Error.getOrThrow(DataResult.java:287)
	at com.mojang.serialization.DataResult.getOrThrow(DataResult.java:81)
	at net.minecraft.resources.RegistryLoadTask$PendingRegistration.loadFromResource(RegistryLoadTask.java:109)
	... 9 more
>> Errors in element geoworld:ancient_forest:
java.lang.IllegalStateException: Failed to parse geoworld:ancient_forest from pack file/geoworld-datapack
	at net.minecraft.resources.RegistryLoadTask$PendingRegistration.loadFromResource(RegistryLoadTask.java:116)
	at net.minecraft.resources.ResourceManagerRegistryLoadTask.lambda$load$2(ResourceManagerRegistryLoadTask.java:55)
	at net.minecraft.util.thread.ParallelMapTransform$Container.applyOperation(ParallelMapTransform.java:123)
	at net.minecraft.util.thread.ParallelMapTransform$BatchedTaskSplitter.lambda$createTask$0(ParallelMapTransform.java:80)
	at java.base/java.util.concurrent.CompletableFuture$AsyncRun.run(CompletableFuture.java:1825)
	at java.base/java.util.concurrent.CompletableFuture$AsyncRun.exec(CompletableFuture.java:1817)
	at java.base/java.util.concurrent.ForkJoinTask.doExec(ForkJoinTask.java:511)
	at java.base/java.util.concurrent.ForkJoinPool$WorkQueue.topLevelExec(ForkJoinPool.java:1450)
	at java.base/java.util.concurrent.ForkJoinPool.runWorker(ForkJoinPool.java:2019)
	at java.base/java.util.concurrent.ForkJoinWorkerThread.run(ForkJoinWorkerThread.java:187)
Caused by: java.lang.IllegalStateException: Failed to parse either. First: Not a string: {}; Second: Failed to parse either. First: Not a json array: {}; Second: No key type in MapLike[{}]
	at com.mojang.serialization.DataResult$Error.getOrThrow(DataResult.java:287)
	at com.mojang.serialization.DataResult.getOrThrow(DataResult.java:81)
	at net.minecraft.resources.RegistryLoadTask$PendingRegistration.loadFromResource(RegistryLoadTask.java:109)
	... 9 more
>> Errors in element geoworld:ancient_ruins:
java.lang.IllegalStateException: Failed to parse geoworld:ancient_ruins from pack file/geoworld-datapack
	at net.minecraft.resources.RegistryLoadTask$PendingRegistration.loadFromResource(RegistryLoadTask.java:116)
	at net.minecraft.resources.ResourceManagerRegistryLoadTask.lambda$load$2(ResourceManagerRegistryLoadTask.java:55)
	at net.minecraft.util.thread.ParallelMapTransform$Container.applyOperation(ParallelMapTransform.java:123)
	at net.minecraft.util.thread.ParallelMapTransform$BatchedTaskSplitter.lambda$createTask$0(ParallelMapTransform.java:80)
	at java.base/java.util.concurrent.CompletableFuture$AsyncRun.run(CompletableFuture.java:1825)
	at java.base/java.util.concurrent.CompletableFuture$AsyncRun.exec(CompletableFuture.java:1817)
	at java.base/java.util.concurrent.ForkJoinTask.doExec(ForkJoinTask.java:511)
	at java.base/java.util.concurrent.ForkJoinPool$WorkQueue.topLevelExec(ForkJoinPool.java:1450)
	at java.base/java.util.concurrent.ForkJoinPool.runWorker(ForkJoinPool.java:2019)
	at java.base/java.util.concurrent.ForkJoinWorkerThread.run(ForkJoinWorkerThread.java:187)
Caused by: java.lang.IllegalStateException: Failed to parse either. First: Not a string: {}; Second: Failed to parse either. First: Not a json array: {}; Second: No key type in MapLike[{}]
	at com.mojang.serialization.DataResult$Error.getOrThrow(DataResult.java:287)
	at com.mojang.serialization.DataResult.getOrThrow(DataResult.java:81)
	at net.minecraft.resources.RegistryLoadTask$PendingRegistration.loadFromResource(RegistryLoadTask.java:109)
	... 9 more
>> Errors in element geoworld:aurora_tundra:
java.lang.IllegalStateException: Failed to parse geoworld:aurora_tundra from pack file/geoworld-datapack
	at net.minecraft.resources.RegistryLoadTask$PendingRegistration.loadFromResource(RegistryLoadTask.java:116)
	at net.minecraft.resources.ResourceManagerRegistryLoadTask.lambda$load$2(ResourceManagerRegistryLoadTask.java:55)
	at net.minecraft.util.thread.ParallelMapTransform$Container.applyOperation(ParallelMapTransform.java:123)
	at net.minecraft.util.thread.ParallelMapTransform$BatchedTaskSplitter.lambda$createTask$0(ParallelMapTransform.java:80)
	at java.base/java.util.concurrent.CompletableFuture$AsyncRun.run(CompletableFuture.java:1825)
	at java.base/java.util.concurrent.CompletableFuture$AsyncRun.exec(CompletableFuture.java:1817)
	at java.base/java.util.concurrent.ForkJoinTask.doExec(ForkJoinTask.java:511)
	at java.base/java.util.concurrent.ForkJoinPool$WorkQueue.topLevelExec(ForkJoinPool.java:1450)
	at java.base/java.util.concurrent.ForkJoinPool.runWorker(ForkJoinPool.java:2019)
	at java.base/java.util.concurrent.ForkJoinWorkerThread.run(ForkJoinWorkerThread.java:187)
Caused by: java.lang.IllegalStateException: Failed to parse either. First: Not a string: {}; Second: Failed to parse either. First: Not a json array: {}; Second: No key type in MapLike[{}]
	at com.mojang.serialization.DataResult$Error.getOrThrow(DataResult.java:287)
	at com.mojang.serialization.DataResult.getOrThrow(DataResult.java:81)
	at net.minecraft.resources.RegistryLoadTask$PendingRegistration.loadFromResource(RegistryLoadTask.java:109)
	... 9 more
>> Errors in element geoworld:bamboo_highlands:
java.lang.IllegalStateException: Failed to parse geoworld:bamboo_highlands from pack file/geoworld-datapack
	at net.minecraft.resources.RegistryLoadTask$PendingRegistration.loadFromResource(RegistryLoadTask.java:116)
	at net.minecraft.resources.ResourceManagerRegistryLoadTask.lambda$load$2(ResourceManagerRegistryLoadTask.java:55)
	at net.minecraft.util.thread.ParallelMapTransform$Container.applyOperation(ParallelMapTransform.java:123)
	at net.minecraft.util.thread.ParallelMapTransform$BatchedTaskSplitter.lambda$createTask$0(ParallelMapTransform.java:80)
	at java.base/java.util.concurrent.CompletableFuture$AsyncRun.run(CompletableFuture.java:1825)
	at java.base/java.util.concurrent.CompletableFuture$AsyncRun.exec(CompletableFuture.java:1817)
	at java.base/java.util.concurrent.ForkJoinTask.doExec(ForkJoinTask.java:511)
	at java.base/java.util.concurrent.ForkJoinPool$WorkQueue.topLevelExec(ForkJoinPool.java:1450)
	at java.base/java.util.concurrent.ForkJoinPool.runWorker(ForkJoinPool.java:2019)
	at java.base/java.util.concurrent.ForkJoinWorkerThread.run(ForkJoinWorkerThread.java:187)
Caused by: java.lang.IllegalStateException: Failed to parse either. First: Not a string: {}; Second: Failed to parse either. First: Not a json array: {}; Second: No key type in MapLike[{}]
	at com.mojang.serialization.DataResult$Error.getOrThrow(DataResult.java:287)
	at com.mojang.serialization.DataResult.getOrThrow(DataResult.java:81)
	at net.minecraft.resources.RegistryLoadTask$PendingRegistration.loadFromResource(RegistryLoadTask.java:109)
	... 9 more
>> Errors in element geoworld:bioluminescent_shallows:
java.lang.IllegalStateException: Failed to parse geoworld:bioluminescent_shallows from pack file/geoworld-datapack
	at net.minecraft.resources.RegistryLoadTask$PendingRegistration.loadFromResource(RegistryLoadTask.java:116)
	at net.minecraft.resources.ResourceManagerRegistryLoadTask.lambda$load$2(ResourceManagerRegistryLoadTask.java:55)
	at net.minecraft.util.thread.ParallelMapTransform$Container.applyOperation(ParallelMapTransform.java:123)
	at net.minecraft.util.thread.ParallelMapTransform$BatchedTaskSplitter.lambda$createTask$0(ParallelMapTransform.java:80)
	at java.base/java.util.concurrent.CompletableFuture$AsyncRun.run(CompletableFuture.java:1825)
	at java.base/java.util.concurrent.CompletableFuture$AsyncRun.exec(CompletableFuture.java:1817)
	at java.base/java.util.concurrent.ForkJoinTask.doExec(ForkJoinTask.java:511)
	at java.base/java.util.concurrent.ForkJoinPool$WorkQueue.topLevelExec(ForkJoinPool.java:1450)
	at java.base/java.util.concurrent.ForkJoinPool.runWorker(ForkJoinPool.java:2019)
	at java.base/java.util.concurrent.ForkJoinWorkerThread.run(ForkJoinWorkerThread.java:187)
Caused by: java.lang.IllegalStateException: Failed to parse either. First: Not a string: {}; Second: Failed to parse either. First: Not a json array: {}; Second: No key type in MapLike[{}]
	at com.mojang.serialization.DataResult$Error.getOrThrow(DataResult.java:287)
	at com.mojang.serialization.DataResult.getOrThrow(DataResult.java:81)
	at net.minecraft.resources.RegistryLoadTask$PendingRegistration.loadFromResource(RegistryLoadTask.java:109)
	... 9 more
>> Errors in element geoworld:coral_archipelago:
java.lang.IllegalStateException: Failed to parse geoworld:coral_archipelago from pack file/geoworld-datapack
	at net.minecraft.resources.RegistryLoadTask$PendingRegistration.loadFromResource(RegistryLoadTask.java:116)
	at net.minecraft.resources.ResourceManagerRegistryLoadTask.lambda$load$2(ResourceManagerRegistryLoadTask.java:55)
	at net.minecraft.util.thread.ParallelMapTransform$Container.applyOperation(ParallelMapTransform.java:123)
	at net.minecraft.util.thread.ParallelMapTransform$BatchedTaskSplitter.lambda$createTask$0(ParallelMapTransform.java:80)
	at java.base/java.util.concurrent.CompletableFuture$AsyncRun.run(CompletableFuture.java:1825)
	at java.base/java.util.concurrent.CompletableFuture$AsyncRun.exec(CompletableFuture.java:1817)
	at java.base/java.util.concurrent.ForkJoinTask.doExec(ForkJoinTask.java:511)
	at java.base/java.util.concurrent.ForkJoinPool$WorkQueue.topLevelExec(ForkJoinPool.java:1450)
	at java.base/java.util.concurrent.ForkJoinPool.runWorker(ForkJoinPool.java:2019)
	at java.base/java.util.concurrent.ForkJoinWorkerThread.run(ForkJoinWorkerThread.java:187)
Caused by: java.lang.IllegalStateException: Failed to parse either. First: Not a string: {}; Second: Failed to parse either. First: Not a json array: {}; Second: No key type in MapLike[{}]
	at com.mojang.serialization.DataResult$Error.getOrThrow(DataResult.java:287)
	at com.mojang.serialization.DataResult.getOrThrow(DataResult.java:81)
	at net.minecraft.resources.RegistryLoadTask$PendingRegistration.loadFromResource(RegistryLoadTask.java:109)
	... 9 more
>> Errors in element geoworld:crystal_caverns:
java.lang.IllegalStateException: Failed to parse geoworld:crystal_caverns from pack file/geoworld-datapack
	at net.minecraft.resources.RegistryLoadTask$PendingRegistration.loadFromResource(RegistryLoadTask.java:116)
	at net.minecraft.resources.ResourceManagerRegistryLoadTask.lambda$load$2(ResourceManagerRegistryLoadTask.java:55)
	at net.minecraft.util.thread.ParallelMapTransform$Container.applyOperation(ParallelMapTransform.java:123)
	at net.minecraft.util.thread.ParallelMapTransform$BatchedTaskSplitter.lambda$createTask$0(ParallelMapTransform.java:80)
	at java.base/java.util.concurrent.CompletableFuture$AsyncRun.run(CompletableFuture.java:1825)
	at java.base/java.util.concurrent.CompletableFuture$AsyncRun.exec(CompletableFuture.java:1817)
	at java.base/java.util.concurrent.ForkJoinTask.doExec(ForkJoinTask.java:511)
	at java.base/java.util.concurrent.ForkJoinPool$WorkQueue.topLevelExec(ForkJoinPool.java:1450)
	at java.base/java.util.concurrent.ForkJoinPool.runWorker(ForkJoinPool.java:2019)
	at java.base/java.util.concurrent.ForkJoinWorkerThread.run(ForkJoinWorkerThread.java:187)
Caused by: java.lang.IllegalStateException: Failed to parse either. First: Not a string: {}; Second: Failed to parse either. First: Not a json array: {}; Second: No key type in MapLike[{}]
	at com.mojang.serialization.DataResult$Error.getOrThrow(DataResult.java:287)
	at com.mojang.serialization.DataResult.getOrThrow(DataResult.java:81)
	at net.minecraft.resources.RegistryLoadTask$PendingRegistration.loadFromResource(RegistryLoadTask.java:109)
	... 9 more
>> Errors in element geoworld:crystal_peaks:
java.lang.IllegalStateException: Failed to parse geoworld:crystal_peaks from pack file/geoworld-datapack
	at net.minecraft.resources.RegistryLoadTask$PendingRegistration.loadFromResource(RegistryLoadTask.java:116)
	at net.minecraft.resources.ResourceManagerRegistryLoadTask.lambda$load$2(ResourceManagerRegistryLoadTask.java:55)
	at net.minecraft.util.thread.ParallelMapTransform$Container.applyOperation(ParallelMapTransform.java:123)
	at net.minecraft.util.thread.ParallelMapTransform$BatchedTaskSplitter.lambda$createTask$0(ParallelMapTransform.java:80)
	at java.base/java.util.concurrent.CompletableFuture$AsyncRun.run(CompletableFuture.java:1825)
	at java.base/java.util.concurrent.CompletableFuture$AsyncRun.exec(CompletableFuture.java:1817)
	at java.base/java.util.concurrent.ForkJoinTask.doExec(ForkJoinTask.java:511)
	at java.base/java.util.concurrent.ForkJoinPool$WorkQueue.topLevelExec(ForkJoinPool.java:1450)
	at java.base/java.util.concurrent.ForkJoinPool.runWorker(ForkJoinPool.java:2019)
	at java.base/java.util.concurrent.ForkJoinWorkerThread.run(ForkJoinWorkerThread.java:187)
Caused by: java.lang.IllegalStateException: Failed to parse either. First: Not a string: {}; Second: Failed to parse either. First: Not a json array: {}; Second: No key type in MapLike[{}]
	at com.mojang.serialization.DataResult$Error.getOrThrow(DataResult.java:287)
	at com.mojang.serialization.DataResult.getOrThrow(DataResult.java:81)
	at net.minecraft.resources.RegistryLoadTask$PendingRegistration.loadFromResource(RegistryLoadTask.java:109)
	... 9 more
>> Errors in element geoworld:cursed_bayou:
java.lang.IllegalStateException: Failed to parse geoworld:cursed_bayou from pack file/geoworld-datapack
	at net.minecraft.resources.RegistryLoadTask$PendingRegistration.loadFromResource(RegistryLoadTask.java:116)
	at net.minecraft.resources.ResourceManagerRegistryLoadTask.lambda$load$2(ResourceManagerRegistryLoadTask.java:55)
	at net.minecraft.util.thread.ParallelMapTransform$Container.applyOperation(ParallelMapTransform.java:123)
	at net.minecraft.util.thread.ParallelMapTransform$BatchedTaskSplitter.lambda$createTask$0(ParallelMapTransform.java:80)
	at java.base/java.util.concurrent.CompletableFuture$AsyncRun.run(CompletableFuture.java:1825)
	at java.base/java.util.concurrent.CompletableFuture$AsyncRun.exec(CompletableFuture.java:1817)
	at java.base/java.util.concurrent.ForkJoinTask.doExec(ForkJoinTask.java:511)
	at java.base/java.util.concurrent.ForkJoinPool$WorkQueue.topLevelExec(ForkJoinPool.java:1450)
	at java.base/java.util.concurrent.ForkJoinPool.runWorker(ForkJoinPool.java:2019)
	at java.base/java.util.concurrent.ForkJoinWorkerThread.run(ForkJoinWorkerThread.java:187)
Caused by: java.lang.IllegalStateException: Failed to parse either. First: Not a string: {}; Second: Failed to parse either. First: Not a json array: {}; Second: No key type in MapLike[{}]
	at com.mojang.serialization.DataResult$Error.getOrThrow(DataResult.java:287)
	at com.mojang.serialization.DataResult.getOrThrow(DataResult.java:81)
	at net.minecraft.resources.RegistryLoadTask$PendingRegistration.loadFromResource(RegistryLoadTask.java:109)
	... 9 more
>> Errors in element geoworld:dream_forest:
java.lang.IllegalStateException: Failed to parse geoworld:dream_forest from pack file/geoworld-datapack
	at net.minecraft.resources.RegistryLoadTask$PendingRegistration.loadFromResource(RegistryLoadTask.java:116)
	at net.minecraft.resources.ResourceManagerRegistryLoadTask.lambda$load$2(ResourceManagerRegistryLoadTask.java:55)
	at net.minecraft.util.thread.ParallelMapTransform$Container.applyOperation(ParallelMapTransform.java:123)
	at net.minecraft.util.thread.ParallelMapTransform$BatchedTaskSplitter.lambda$createTask$0(ParallelMapTransform.java:80)
	at java.base/java.util.concurrent.CompletableFuture$AsyncRun.run(CompletableFuture.java:1825)
	at java.base/java.util.concurrent.CompletableFuture$AsyncRun.exec(CompletableFuture.java:1817)
	at java.base/java.util.concurrent.ForkJoinTask.doExec(ForkJoinTask.java:511)
	at java.base/java.util.concurrent.ForkJoinPool$WorkQueue.topLevelExec(ForkJoinPool.java:1450)
	at java.base/java.util.concurrent.ForkJoinPool.runWorker(ForkJoinPool.java:2019)
	at java.base/java.util.concurrent.ForkJoinWorkerThread.run(ForkJoinWorkerThread.java:187)
Caused by: java.lang.IllegalStateException: Failed to parse either. First: Not a string: {}; Second: Failed to parse either. First: Not a json array: {}; Second: No key type in MapLike[{}]
	at com.mojang.serialization.DataResult$Error.getOrThrow(DataResult.java:287)
	at com.mojang.serialization.DataResult.getOrThrow(DataResult.java:81)
	at net.minecraft.resources.RegistryLoadTask$PendingRegistration.loadFromResource(RegistryLoadTask.java:109)
	... 9 more
>> Errors in element geoworld:dune_sea:
java.lang.IllegalStateException: Failed to parse geoworld:dune_sea from pack file/geoworld-datapack
	at net.minecraft.resources.RegistryLoadTask$PendingRegistration.loadFromResource(RegistryLoadTask.java:116)
	at net.minecraft.resources.ResourceManagerRegistryLoadTask.lambda$load$2(ResourceManagerRegistryLoadTask.java:55)
	at net.minecraft.util.thread.ParallelMapTransform$Container.applyOperation(ParallelMapTransform.java:123)
	at net.minecraft.util.thread.ParallelMapTransform$BatchedTaskSplitter.lambda$createTask$0(ParallelMapTransform.java:80)
	at java.base/java.util.concurrent.CompletableFuture$AsyncRun.run(CompletableFuture.java:1825)
	at java.base/java.util.concurrent.CompletableFuture$AsyncRun.exec(CompletableFuture.java:1817)
	at java.base/java.util.concurrent.ForkJoinTask.doExec(ForkJoinTask.java:511)
	at java.base/java.util.concurrent.ForkJoinPool$WorkQueue.topLevelExec(ForkJoinPool.java:1450)
	at java.base/java.util.concurrent.ForkJoinPool.runWorker(ForkJoinPool.java:2019)
	at java.base/java.util.concurrent.ForkJoinWorkerThread.run(ForkJoinWorkerThread.java:187)
Caused by: java.lang.IllegalStateException: Failed to parse either. First: Not a string: {}; Second: Failed to parse either. First: Not a json array: {}; Second: No key type in MapLike[{}]
	at com.mojang.serialization.DataResult$Error.getOrThrow(DataResult.java:287)
	at com.mojang.serialization.DataResult.getOrThrow(DataResult.java:81)
	at net.minecraft.resources.RegistryLoadTask$PendingRegistration.loadFromResource(RegistryLoadTask.java:109)
	... 9 more
>> Errors in element geoworld:echo_chambers:
java.lang.IllegalStateException: Failed to parse geoworld:echo_chambers from pack file/geoworld-datapack
	at net.minecraft.resources.RegistryLoadTask$PendingRegistration.loadFromResource(RegistryLoadTask.java:116)
	at net.minecraft.resources.ResourceManagerRegistryLoadTask.lambda$load$2(ResourceManagerRegistryLoadTask.java:55)
	at net.minecraft.util.thread.ParallelMapTransform$Container.applyOperation(ParallelMapTransform.java:123)
	at net.minecraft.util.thread.ParallelMapTransform$BatchedTaskSplitter.lambda$createTask$0(ParallelMapTransform.java:80)
	at java.base/java.util.concurrent.CompletableFuture$AsyncRun.run(CompletableFuture.java:1825)
	at java.base/java.util.concurrent.CompletableFuture$AsyncRun.exec(CompletableFuture.java:1817)
	at java.base/java.util.concurrent.ForkJoinTask.doExec(ForkJoinTask.java:511)
	at java.base/java.util.concurrent.ForkJoinPool$WorkQueue.topLevelExec(ForkJoinPool.java:1450)
	at java.base/java.util.concurrent.ForkJoinPool.runWorker(ForkJoinPool.java:2019)
	at java.base/java.util.concurrent.ForkJoinWorkerThread.run(ForkJoinWorkerThread.java:187)
Caused by: java.lang.IllegalStateException: Failed to parse either. First: Not a string: {}; Second: Failed to parse either. First: Not a json array: {}; Second: No key type in MapLike[{}]
	at com.mojang.serialization.DataResult$Error.getOrThrow(DataResult.java:287)
	at com.mojang.serialization.DataResult.getOrThrow(DataResult.java:81)
	at net.minecraft.resources.RegistryLoadTask$PendingRegistration.loadFromResource(RegistryLoadTask.java:109)
	... 9 more
>> Errors in element geoworld:eclipse_valley:
java.lang.IllegalStateException: Failed to parse geoworld:eclipse_valley from pack file/geoworld-datapack
	at net.minecraft.resources.RegistryLoadTask$PendingRegistration.loadFromResource(RegistryLoadTask.java:116)
	at net.minecraft.resources.ResourceManagerRegistryLoadTask.lambda$load$2(ResourceManagerRegistryLoadTask.java:55)
	at net.minecraft.util.thread.ParallelMapTransform$Container.applyOperation(ParallelMapTransform.java:123)
	at net.minecraft.util.thread.ParallelMapTransform$BatchedTaskSplitter.lambda$createTask$0(ParallelMapTransform.java:80)
	at java.base/java.util.concurrent.CompletableFuture$AsyncRun.run(CompletableFuture.java:1825)
	at java.base/java.util.concurrent.CompletableFuture$AsyncRun.exec(CompletableFuture.java:1817)
	at java.base/java.util.concurrent.ForkJoinTask.doExec(ForkJoinTask.java:511)
	at java.base/java.util.concurrent.ForkJoinPool$WorkQueue.topLevelExec(ForkJoinPool.java:1450)
	at java.base/java.util.concurrent.ForkJoinPool.runWorker(ForkJoinPool.java:2019)
	at java.base/java.util.concurrent.ForkJoinWorkerThread.run(ForkJoinWorkerThread.java:187)
Caused by: java.lang.IllegalStateException: Failed to parse either. First: Not a string: {}; Second: Failed to parse either. First: Not a json array: {}; Second: No key type in MapLike[{}]
	at com.mojang.serialization.DataResult$Error.getOrThrow(DataResult.java:287)
	at com.mojang.serialization.DataResult.getOrThrow(DataResult.java:81)
	at net.minecraft.resources.RegistryLoadTask$PendingRegistration.loadFromResource(RegistryLoadTask.java:109)
	... 9 more
>> Errors in element geoworld:ember_plains:
java.lang.IllegalStateException: Failed to parse geoworld:ember_plains from pack file/geoworld-datapack
	at net.minecraft.resources.RegistryLoadTask$PendingRegistration.loadFromResource(RegistryLoadTask.java:116)
	at net.minecraft.resources.ResourceManagerRegistryLoadTask.lambda$load$2(ResourceManagerRegistryLoadTask.java:55)
	at net.minecraft.util.thread.ParallelMapTransform$Container.applyOperation(ParallelMapTransform.java:123)
	at net.minecraft.util.thread.ParallelMapTransform$BatchedTaskSplitter.lambda$createTask$0(ParallelMapTransform.java:80)
	at java.base/java.util.concurrent.CompletableFuture$AsyncRun.run(CompletableFuture.java:1825)
	at java.base/java.util.concurrent.CompletableFuture$AsyncRun.exec(CompletableFuture.java:1817)
	at java.base/java.util.concurrent.ForkJoinTask.doExec(ForkJoinTask.java:511)
	at java.base/java.util.concurrent.ForkJoinPool$WorkQueue.topLevelExec(ForkJoinPool.java:1450)
	at java.base/java.util.concurrent.ForkJoinPool.runWorker(ForkJoinPool.java:2019)
	at java.base/java.util.concurrent.ForkJoinWorkerThread.run(ForkJoinWorkerThread.java:187)
Caused by: java.lang.IllegalStateException: Failed to parse either. First: Not a string: {}; Second: Failed to parse either. First: Not a json array: {}; Second: No key type in MapLike[{}]
	at com.mojang.serialization.DataResult$Error.getOrThrow(DataResult.java:287)
	at com.mojang.serialization.DataResult.getOrThrow(DataResult.java:81)
	at net.minecraft.resources.RegistryLoadTask$PendingRegistration.loadFromResource(RegistryLoadTask.java:109)
	... 9 more
>> Errors in element geoworld:end/elytra_spires:
java.lang.IllegalStateException: Failed to parse geoworld:end/elytra_spires from pack file/geoworld-datapack
	at net.minecraft.resources.RegistryLoadTask$PendingRegistration.loadFromResource(RegistryLoadTask.java:116)
	at net.minecraft.resources.ResourceManagerRegistryLoadTask.lambda$load$2(ResourceManagerRegistryLoadTask.java:55)
	at net.minecraft.util.thread.ParallelMapTransform$Container.applyOperation(ParallelMapTransform.java:123)
	at net.minecraft.util.thread.ParallelMapTransform$BatchedTaskSplitter.lambda$createTask$0(ParallelMapTransform.java:80)
	at java.base/java.util.concurrent.CompletableFuture$AsyncRun.run(CompletableFuture.java:1825)
	at java.base/java.util.concurrent.CompletableFuture$AsyncRun.exec(CompletableFuture.java:1817)
	at java.base/java.util.concurrent.ForkJoinTask.doExec(ForkJoinTask.java:511)
	at java.base/java.util.concurrent.ForkJoinPool$WorkQueue.topLevelExec(ForkJoinPool.java:1450)
	at java.base/java.util.concurrent.ForkJoinPool.runWorker(ForkJoinPool.java:2019)
	at java.base/java.util.concurrent.ForkJoinWorkerThread.run(ForkJoinWorkerThread.java:187)
Caused by: java.lang.IllegalStateException: Failed to parse either. First: Not a string: {}; Second: Failed to parse either. First: Not a json array: {}; Second: No key type in MapLike[{}]
	at com.mojang.serialization.DataResult$Error.getOrThrow(DataResult.java:287)
	at com.mojang.serialization.DataResult.getOrThrow(DataResult.java:81)
	at net.minecraft.resources.RegistryLoadTask$PendingRegistration.loadFromResource(RegistryLoadTask.java:109)
	... 9 more
>> Errors in element geoworld:end/end_coral_reef:
java.lang.IllegalStateException: Failed to parse geoworld:end/end_coral_reef from pack file/geoworld-datapack
	at net.minecraft.resources.RegistryLoadTask$PendingRegistration.loadFromResource(RegistryLoadTask.java:116)
	at net.minecraft.resources.ResourceManagerRegistryLoadTask.lambda$load$2(ResourceManagerRegistryLoadTask.java:55)
	at net.minecraft.util.thread.ParallelMapTransform$Container.applyOperation(ParallelMapTransform.java:123)
	at net.minecraft.util.thread.ParallelMapTransform$BatchedTaskSplitter.lambda$createTask$0(ParallelMapTransform.java:80)
	at java.base/java.util.concurrent.CompletableFuture$AsyncRun.run(CompletableFuture.java:1825)
	at java.base/java.util.concurrent.CompletableFuture$AsyncRun.exec(CompletableFuture.java:1817)
	at java.base/java.util.concurrent.ForkJoinTask.doExec(ForkJoinTask.java:511)
	at java.base/java.util.concurrent.ForkJoinPool$WorkQueue.topLevelExec(ForkJoinPool.java:1450)
	at java.base/java.util.concurrent.ForkJoinPool.runWorker(ForkJoinPool.java:2019)
	at java.base/java.util.concurrent.ForkJoinWorkerThread.run(ForkJoinWorkerThread.java:187)
Caused by: java.lang.IllegalStateException: Failed to parse either. First: Not a string: {}; Second: Failed to parse either. First: Not a json array: {}; Second: No key type in MapLike[{}]
	at com.mojang.serialization.DataResult$Error.getOrThrow(DataResult.java:287)
	at com.mojang.serialization.DataResult.getOrThrow(DataResult.java:81)
	at net.minecraft.resources.RegistryLoadTask$PendingRegistration.loadFromResource(RegistryLoadTask.java:109)
	... 9 more
>> Errors in element geoworld:end/void_sanctum:
java.lang.IllegalStateException: Failed to parse geoworld:end/void_sanctum from pack file/geoworld-datapack
	at net.minecraft.resources.RegistryLoadTask$PendingRegistration.loadFromResource(RegistryLoadTask.java:116)
	at net.minecraft.resources.ResourceManagerRegistryLoadTask.lambda$load$2(ResourceManagerRegistryLoadTask.java:55)
	at net.minecraft.util.thread.ParallelMapTransform$Container.applyOperation(ParallelMapTransform.java:123)
	at net.minecraft.util.thread.ParallelMapTransform$BatchedTaskSplitter.lambda$createTask$0(ParallelMapTransform.java:80)
	at java.base/java.util.concurrent.CompletableFuture$AsyncRun.run(CompletableFuture.java:1825)
	at java.base/java.util.concurrent.CompletableFuture$AsyncRun.exec(CompletableFuture.java:1817)
	at java.base/java.util.concurrent.ForkJoinTask.doExec(ForkJoinTask.java:511)
	at java.base/java.util.concurrent.ForkJoinPool$WorkQueue.topLevelExec(ForkJoinPool.java:1450)
	at java.base/java.util.concurrent.ForkJoinPool.runWorker(ForkJoinPool.java:2019)
	at java.base/java.util.concurrent.ForkJoinWorkerThread.run(ForkJoinWorkerThread.java:187)
Caused by: java.lang.IllegalStateException: Failed to parse either. First: Not a string: {}; Second: Failed to parse either. First: Not a json array: {}; Second: No key type in MapLike[{}]
	at com.mojang.serialization.DataResult$Error.getOrThrow(DataResult.java:287)
	at com.mojang.serialization.DataResult.getOrThrow(DataResult.java:81)
	at net.minecraft.resources.RegistryLoadTask$PendingRegistration.loadFromResource(RegistryLoadTask.java:109)
	... 9 more
>> Errors in element geoworld:floating_isles:
java.lang.IllegalStateException: Failed to parse geoworld:floating_isles from pack file/geoworld-datapack
	at net.minecraft.resources.RegistryLoadTask$PendingRegistration.loadFromResource(RegistryLoadTask.java:116)
	at net.minecraft.resources.ResourceManagerRegistryLoadTask.lambda$load$2(ResourceManagerRegistryLoadTask.java:55)
	at net.minecraft.util.thread.ParallelMapTransform$Container.applyOperation(ParallelMapTransform.java:123)
	at net.minecraft.util.thread.ParallelMapTransform$BatchedTaskSplitter.lambda$createTask$0(ParallelMapTransform.java:80)
	at java.base/java.util.concurrent.CompletableFuture$AsyncRun.run(CompletableFuture.java:1825)
	at java.base/java.util.concurrent.CompletableFuture$AsyncRun.exec(CompletableFuture.java:1817)
	at java.base/java.util.concurrent.ForkJoinTask.doExec(ForkJoinTask.java:511)
	at java.base/java.util.concurrent.ForkJoinPool$WorkQueue.topLevelExec(ForkJoinPool.java:1450)
	at java.base/java.util.concurrent.ForkJoinPool.runWorker(ForkJoinPool.java:2019)
	at java.base/java.util.concurrent.ForkJoinWorkerThread.run(ForkJoinWorkerThread.java:187)
Caused by: java.lang.IllegalStateException: Failed to parse either. First: Not a string: {}; Second: Failed to parse either. First: Not a json array: {}; Second: No key type in MapLike[{}]
	at com.mojang.serialization.DataResult$Error.getOrThrow(DataResult.java:287)
	at com.mojang.serialization.DataResult.getOrThrow(DataResult.java:81)
	at net.minecraft.resources.RegistryLoadTask$PendingRegistration.loadFromResource(RegistryLoadTask.java:109)
	... 9 more
>> Errors in element geoworld:fungal_depths:
java.lang.IllegalStateException: Failed to parse geoworld:fungal_depths from pack file/geoworld-datapack
	at net.minecraft.resources.RegistryLoadTask$PendingRegistration.loadFromResource(RegistryLoadTask.java:116)
	at net.minecraft.resources.ResourceManagerRegistryLoadTask.lambda$load$2(ResourceManagerRegistryLoadTask.java:55)
	at net.minecraft.util.thread.ParallelMapTransform$Container.applyOperation(ParallelMapTransform.java:123)
	at net.minecraft.util.thread.ParallelMapTransform$BatchedTaskSplitter.lambda$createTask$0(ParallelMapTransform.java:80)
	at java.base/java.util.concurrent.CompletableFuture$AsyncRun.run(CompletableFuture.java:1825)
	at java.base/java.util.concurrent.CompletableFuture$AsyncRun.exec(CompletableFuture.java:1817)
	at java.base/java.util.concurrent.ForkJoinTask.doExec(ForkJoinTask.java:511)
	at java.base/java.util.concurrent.ForkJoinPool$WorkQueue.topLevelExec(ForkJoinPool.java:1450)
	at java.base/java.util.concurrent.ForkJoinPool.runWorker(ForkJoinPool.java:2019)
	at java.base/java.util.concurrent.ForkJoinWorkerThread.run(ForkJoinWorkerThread.java:187)
Caused by: java.lang.IllegalStateException: Failed to parse either. First: Not a string: {}; Second: Failed to parse either. First: Not a json array: {}; Second: No key type in MapLike[{}]
	at com.mojang.serialization.DataResult$Error.getOrThrow(DataResult.java:287)
	at com.mojang.serialization.DataResult.getOrThrow(DataResult.java:81)
	at net.minecraft.resources.RegistryLoadTask$PendingRegistration.loadFromResource(RegistryLoadTask.java:109)
	... 9 more
>> Errors in element geoworld:fungal_expanse:
java.lang.IllegalStateException: Failed to parse geoworld:fungal_expanse from pack file/geoworld-datapack
	at net.minecraft.resources.RegistryLoadTask$PendingRegistration.loadFromResource(RegistryLoadTask.java:116)
	at net.minecraft.resources.ResourceManagerRegistryLoadTask.lambda$load$2(ResourceManagerRegistryLoadTask.java:55)
	at net.minecraft.util.thread.ParallelMapTransform$Container.applyOperation(ParallelMapTransform.java:123)
	at net.minecraft.util.thread.ParallelMapTransform$BatchedTaskSplitter.lambda$createTask$0(ParallelMapTransform.java:80)
	at java.base/java.util.concurrent.CompletableFuture$AsyncRun.run(CompletableFuture.java:1825)
	at java.base/java.util.concurrent.CompletableFuture$AsyncRun.exec(CompletableFuture.java:1817)
	at java.base/java.util.concurrent.ForkJoinTask.doExec(ForkJoinTask.java:511)
	at java.base/java.util.concurrent.ForkJoinPool$WorkQueue.topLevelExec(ForkJoinPool.java:1450)
	at java.base/java.util.concurrent.ForkJoinPool.runWorker(ForkJoinPool.java:2019)
	at java.base/java.util.concurrent.ForkJoinWorkerThread.run(ForkJoinWorkerThread.java:187)
Caused by: java.lang.IllegalStateException: Failed to parse either. First: Not a string: {}; Second: Failed to parse either. First: Not a json array: {}; Second: No key type in MapLike[{}]
	at com.mojang.serialization.DataResult$Error.getOrThrow(DataResult.java:287)
	at com.mojang.serialization.DataResult.getOrThrow(DataResult.java:81)
	at net.minecraft.resources.RegistryLoadTask$PendingRegistration.loadFromResource(RegistryLoadTask.java:109)
	... 9 more
>> Errors in element geoworld:glacial_abyss:
java.lang.IllegalStateException: Failed to parse geoworld:glacial_abyss from pack file/geoworld-datapack
	at net.minecraft.resources.RegistryLoadTask$PendingRegistration.loadFromResource(RegistryLoadTask.java:116)
	at net.minecraft.resources.ResourceManagerRegistryLoadTask.lambda$load$2(ResourceManagerRegistryLoadTask.java:55)
	at net.minecraft.util.thread.ParallelMapTransform$Container.applyOperation(ParallelMapTransform.java:123)
	at net.minecraft.util.thread.ParallelMapTransform$BatchedTaskSplitter.lambda$createTask$0(ParallelMapTransform.java:80)
	at java.base/java.util.concurrent.CompletableFuture$AsyncRun.run(CompletableFuture.java:1825)
	at java.base/java.util.concurrent.CompletableFuture$AsyncRun.exec(CompletableFuture.java:1817)
	at java.base/java.util.concurrent.ForkJoinTask.doExec(ForkJoinTask.java:511)
	at java.base/java.util.concurrent.ForkJoinPool$WorkQueue.topLevelExec(ForkJoinPool.java:1450)
	at java.base/java.util.concurrent.ForkJoinPool.runWorker(ForkJoinPool.java:2019)
	at java.base/java.util.concurrent.ForkJoinWorkerThread.run(ForkJoinWorkerThread.java:187)
Caused by: java.lang.IllegalStateException: Failed to parse either. First: Not a string: {}; Second: Failed to parse either. First: Not a json array: {}; Second: No key type in MapLike[{}]
	at com.mojang.serialization.DataResult$Error.getOrThrow(DataResult.java:287)
	at com.mojang.serialization.DataResult.getOrThrow(DataResult.java:81)
	at net.minecraft.resources.RegistryLoadTask$PendingRegistration.loadFromResource(RegistryLoadTask.java:109)
	... 9 more
>> Errors in element geoworld:golden_woodland:
java.lang.IllegalStateException: Failed to parse geoworld:golden_woodland from pack file/geoworld-datapack
	at net.minecraft.resources.RegistryLoadTask$PendingRegistration.loadFromResource(RegistryLoadTask.java:116)
	at net.minecraft.resources.ResourceManagerRegistryLoadTask.lambda$load$2(ResourceManagerRegistryLoadTask.java:55)
	at net.minecraft.util.thread.ParallelMapTransform$Container.applyOperation(ParallelMapTransform.java:123)
	at net.minecraft.util.thread.ParallelMapTransform$BatchedTaskSplitter.lambda$createTask$0(ParallelMapTransform.java:80)
	at java.base/java.util.concurrent.CompletableFuture$AsyncRun.run(CompletableFuture.java:1825)
	at java.base/java.util.concurrent.CompletableFuture$AsyncRun.exec(CompletableFuture.java:1817)
	at java.base/java.util.concurrent.ForkJoinTask.doExec(ForkJoinTask.java:511)
	at java.base/java.util.concurrent.ForkJoinPool$WorkQueue.topLevelExec(ForkJoinPool.java:1450)
	at java.base/java.util.concurrent.ForkJoinPool.runWorker(ForkJoinPool.java:2019)
	at java.base/java.util.concurrent.ForkJoinWorkerThread.run(ForkJoinWorkerThread.java:187)
Caused by: java.lang.IllegalStateException: Failed to parse either. First: Not a string: {}; Second: Failed to parse either. First: Not a json array: {}; Second: No key type in MapLike[{}]
	at com.mojang.serialization.DataResult$Error.getOrThrow(DataResult.java:287)
	at com.mojang.serialization.DataResult.getOrThrow(DataResult.java:81)
	at net.minecraft.resources.RegistryLoadTask$PendingRegistration.loadFromResource(RegistryLoadTask.java:109)
	... 9 more
>> Errors in element geoworld:haunted_grove:
java.lang.IllegalStateException: Failed to parse geoworld:haunted_grove from pack file/geoworld-datapack
	at net.minecraft.resources.RegistryLoadTask$PendingRegistration.loadFromResource(RegistryLoadTask.java:116)
	at net.minecraft.resources.ResourceManagerRegistryLoadTask.lambda$load$2(ResourceManagerRegistryLoadTask.java:55)
	at net.minecraft.util.thread.ParallelMapTransform$Container.applyOperation(ParallelMapTransform.java:123)
	at net.minecraft.util.thread.ParallelMapTransform$BatchedTaskSplitter.lambda$createTask$0(ParallelMapTransform.java:80)
	at java.base/java.util.concurrent.CompletableFuture$AsyncRun.run(CompletableFuture.java:1825)
	at java.base/java.util.concurrent.CompletableFuture$AsyncRun.exec(CompletableFuture.java:1817)
	at java.base/java.util.concurrent.ForkJoinTask.doExec(ForkJoinTask.java:511)
	at java.base/java.util.concurrent.ForkJoinPool$WorkQueue.topLevelExec(ForkJoinPool.java:1450)
	at java.base/java.util.concurrent.ForkJoinPool.runWorker(ForkJoinPool.java:2019)
	at java.base/java.util.concurrent.ForkJoinWorkerThread.run(ForkJoinWorkerThread.java:187)
Caused by: java.lang.IllegalStateException: Failed to parse either. First: Not a string: {}; Second: Failed to parse either. First: Not a json array: {}; Second: No key type in MapLike[{}]
	at com.mojang.serialization.DataResult$Error.getOrThrow(DataResult.java:287)
	at com.mojang.serialization.DataResult.getOrThrow(DataResult.java:81)
	at net.minecraft.resources.RegistryLoadTask$PendingRegistration.loadFromResource(RegistryLoadTask.java:109)
	... 9 more
>> Errors in element geoworld:lava_falls:
java.lang.IllegalStateException: Failed to parse geoworld:lava_falls from pack file/geoworld-datapack
	at net.minecraft.resources.RegistryLoadTask$PendingRegistration.loadFromResource(RegistryLoadTask.java:116)
	at net.minecraft.resources.ResourceManagerRegistryLoadTask.lambda$load$2(ResourceManagerRegistryLoadTask.java:55)
	at net.minecraft.util.thread.ParallelMapTransform$Container.applyOperation(ParallelMapTransform.java:123)
	at net.minecraft.util.thread.ParallelMapTransform$BatchedTaskSplitter.lambda$createTask$0(ParallelMapTransform.java:80)
	at java.base/java.util.concurrent.CompletableFuture$AsyncRun.run(CompletableFuture.java:1825)
	at java.base/java.util.concurrent.CompletableFuture$AsyncRun.exec(CompletableFuture.java:1817)
	at java.base/java.util.concurrent.ForkJoinTask.doExec(ForkJoinTask.java:511)
	at java.base/java.util.concurrent.ForkJoinPool$WorkQueue.topLevelExec(ForkJoinPool.java:1450)
	at java.base/java.util.concurrent.ForkJoinPool.runWorker(ForkJoinPool.java:2019)
	at java.base/java.util.concurrent.ForkJoinWorkerThread.run(ForkJoinWorkerThread.java:187)
Caused by: java.lang.IllegalStateException: Failed to parse either. First: Not a string: {}; Second: Failed to parse either. First: Not a json array: {}; Second: No key type in MapLike[{}]
	at com.mojang.serialization.DataResult$Error.getOrThrow(DataResult.java:287)
	at com.mojang.serialization.DataResult.getOrThrow(DataResult.java:81)
	at net.minecraft.resources.RegistryLoadTask$PendingRegistration.loadFromResource(RegistryLoadTask.java:109)
	... 9 more
>> Errors in element geoworld:magma_depths:
java.lang.IllegalStateException: Failed to parse geoworld:magma_depths from pack file/geoworld-datapack
	at net.minecraft.resources.RegistryLoadTask$PendingRegistration.loadFromResource(RegistryLoadTask.java:116)
	at net.minecraft.resources.ResourceManagerRegistryLoadTask.lambda$load$2(ResourceManagerRegistryLoadTask.java:55)
	at net.minecraft.util.thread.ParallelMapTransform$Container.applyOperation(ParallelMapTransform.java:123)
	at net.minecraft.util.thread.ParallelMapTransform$BatchedTaskSplitter.lambda$createTask$0(ParallelMapTransform.java:80)
	at java.base/java.util.concurrent.CompletableFuture$AsyncRun.run(CompletableFuture.java:1825)
	at java.base/java.util.concurrent.CompletableFuture$AsyncRun.exec(CompletableFuture.java:1817)
	at java.base/java.util.concurrent.ForkJoinTask.doExec(ForkJoinTask.java:511)
	at java.base/java.util.concurrent.ForkJoinPool$WorkQueue.topLevelExec(ForkJoinPool.java:1450)
	at java.base/java.util.concurrent.ForkJoinPool.runWorker(ForkJoinPool.java:2019)
	at java.base/java.util.concurrent.ForkJoinWorkerThread.run(ForkJoinWorkerThread.java:187)
Caused by: java.lang.IllegalStateException: Failed to parse either. First: Not a string: {}; Second: Failed to parse either. First: Not a json array: {}; Second: No key type in MapLike[{}]
	at com.mojang.serialization.DataResult$Error.getOrThrow(DataResult.java:287)
	at com.mojang.serialization.DataResult.getOrThrow(DataResult.java:81)
	at net.minecraft.resources.RegistryLoadTask$PendingRegistration.loadFromResource(RegistryLoadTask.java:109)
	... 9 more
>> Errors in element geoworld:mangrove_labyrinth:
java.lang.IllegalStateException: Failed to parse geoworld:mangrove_labyrinth from pack file/geoworld-datapack
	at net.minecraft.resources.RegistryLoadTask$PendingRegistration.loadFromResource(RegistryLoadTask.java:116)
	at net.minecraft.resources.ResourceManagerRegistryLoadTask.lambda$load$2(ResourceManagerRegistryLoadTask.java:55)
	at net.minecraft.util.thread.ParallelMapTransform$Container.applyOperation(ParallelMapTransform.java:123)
	at net.minecraft.util.thread.ParallelMapTransform$BatchedTaskSplitter.lambda$createTask$0(ParallelMapTransform.java:80)
	at java.base/java.util.concurrent.CompletableFuture$AsyncRun.run(CompletableFuture.java:1825)
	at java.base/java.util.concurrent.CompletableFuture$AsyncRun.exec(CompletableFuture.java:1817)
	at java.base/java.util.concurrent.ForkJoinTask.doExec(ForkJoinTask.java:511)
	at java.base/java.util.concurrent.ForkJoinPool$WorkQueue.topLevelExec(ForkJoinPool.java:1450)
	at java.base/java.util.concurrent.ForkJoinPool.runWorker(ForkJoinPool.java:2019)
	at java.base/java.util.concurrent.ForkJoinWorkerThread.run(ForkJoinWorkerThread.java:187)
Caused by: java.lang.IllegalStateException: Failed to parse either. First: Not a string: {}; Second: Failed to parse either. First: Not a json array: {}; Second: No key type in MapLike[{}]
	at com.mojang.serialization.DataResult$Error.getOrThrow(DataResult.java:287)
	at com.mojang.serialization.DataResult.getOrThrow(DataResult.java:81)
	at net.minecraft.resources.RegistryLoadTask$PendingRegistration.loadFromResource(RegistryLoadTask.java:109)
	... 9 more
>> Errors in element geoworld:mirage_oasis:
java.lang.IllegalStateException: Failed to parse geoworld:mirage_oasis from pack file/geoworld-datapack
	at net.minecraft.resources.RegistryLoadTask$PendingRegistration.loadFromResource(RegistryLoadTask.java:116)
	at net.minecraft.resources.ResourceManagerRegistryLoadTask.lambda$load$2(ResourceManagerRegistryLoadTask.java:55)
	at net.minecraft.util.thread.ParallelMapTransform$Container.applyOperation(ParallelMapTransform.java:123)
	at net.minecraft.util.thread.ParallelMapTransform$BatchedTaskSplitter.lambda$createTask$0(ParallelMapTransform.java:80)
	at java.base/java.util.concurrent.CompletableFuture$AsyncRun.run(CompletableFuture.java:1825)
	at java.base/java.util.concurrent.CompletableFuture$AsyncRun.exec(CompletableFuture.java:1817)
	at java.base/java.util.concurrent.ForkJoinTask.doExec(ForkJoinTask.java:511)
	at java.base/java.util.concurrent.ForkJoinPool$WorkQueue.topLevelExec(ForkJoinPool.java:1450)
	at java.base/java.util.concurrent.ForkJoinPool.runWorker(ForkJoinPool.java:2019)
	at java.base/java.util.concurrent.ForkJoinWorkerThread.run(ForkJoinWorkerThread.java:187)
Caused by: java.lang.IllegalStateException: Failed to parse either. First: Not a string: {}; Second: Failed to parse either. First: Not a json array: {}; Second: No key type in MapLike[{}]
	at com.mojang.serialization.DataResult$Error.getOrThrow(DataResult.java:287)
	at com.mojang.serialization.DataResult.getOrThrow(DataResult.java:81)
	at net.minecraft.resources.RegistryLoadTask$PendingRegistration.loadFromResource(RegistryLoadTask.java:109)
	... 9 more
>> Errors in element geoworld:moonstone_basin:
java.lang.IllegalStateException: Failed to parse geoworld:moonstone_basin from pack file/geoworld-datapack
	at net.minecraft.resources.RegistryLoadTask$PendingRegistration.loadFromResource(RegistryLoadTask.java:116)
	at net.minecraft.resources.ResourceManagerRegistryLoadTask.lambda$load$2(ResourceManagerRegistryLoadTask.java:55)
	at net.minecraft.util.thread.ParallelMapTransform$Container.applyOperation(ParallelMapTransform.java:123)
	at net.minecraft.util.thread.ParallelMapTransform$BatchedTaskSplitter.lambda$createTask$0(ParallelMapTransform.java:80)
	at java.base/java.util.concurrent.CompletableFuture$AsyncRun.run(CompletableFuture.java:1825)
	at java.base/java.util.concurrent.CompletableFuture$AsyncRun.exec(CompletableFuture.java:1817)
	at java.base/java.util.concurrent.ForkJoinTask.doExec(ForkJoinTask.java:511)
	at java.base/java.util.concurrent.ForkJoinPool$WorkQueue.topLevelExec(ForkJoinPool.java:1450)
	at java.base/java.util.concurrent.ForkJoinPool.runWorker(ForkJoinPool.java:2019)
	at java.base/java.util.concurrent.ForkJoinWorkerThread.run(ForkJoinWorkerThread.java:187)
Caused by: java.lang.IllegalStateException: Failed to parse either. First: Not a string: {}; Second: Failed to parse either. First: Not a json array: {}; Second: No key type in MapLike[{}]
	at com.mojang.serialization.DataResult$Error.getOrThrow(DataResult.java:287)
	at com.mojang.serialization.DataResult.getOrThrow(DataResult.java:81)
	at net.minecraft.resources.RegistryLoadTask$PendingRegistration.loadFromResource(RegistryLoadTask.java:109)
	... 9 more
>> Errors in element geoworld:nether/magma_delta_rim:
java.lang.IllegalStateException: Failed to parse geoworld:nether/magma_delta_rim from pack file/geoworld-datapack
	at net.minecraft.resources.RegistryLoadTask$PendingRegistration.loadFromResource(RegistryLoadTask.java:116)
	at net.minecraft.resources.ResourceManagerRegistryLoadTask.lambda$load$2(ResourceManagerRegistryLoadTask.java:55)
	at net.minecraft.util.thread.ParallelMapTransform$Container.applyOperation(ParallelMapTransform.java:123)
	at net.minecraft.util.thread.ParallelMapTransform$BatchedTaskSplitter.lambda$createTask$0(ParallelMapTransform.java:80)
	at java.base/java.util.concurrent.CompletableFuture$AsyncRun.run(CompletableFuture.java:1825)
	at java.base/java.util.concurrent.CompletableFuture$AsyncRun.exec(CompletableFuture.java:1817)
	at java.base/java.util.concurrent.ForkJoinTask.doExec(ForkJoinTask.java:511)
	at java.base/java.util.concurrent.ForkJoinPool$WorkQueue.topLevelExec(ForkJoinPool.java:1450)
	at java.base/java.util.concurrent.ForkJoinPool.runWorker(ForkJoinPool.java:2019)
	at java.base/java.util.concurrent.ForkJoinWorkerThread.run(ForkJoinWorkerThread.java:187)
Caused by: java.lang.IllegalStateException: Failed to parse either. First: Not a string: {}; Second: Failed to parse either. First: Not a json array: {}; Second: No key type in MapLike[{}]
	at com.mojang.serialization.DataResult$Error.getOrThrow(DataResult.java:287)
	at com.mojang.serialization.DataResult.getOrThrow(DataResult.java:81)
	at net.minecraft.resources.RegistryLoadTask$PendingRegistration.loadFromResource(RegistryLoadTask.java:109)
	... 9 more
>> Errors in element geoworld:nether/nether_garden:
java.lang.IllegalStateException: Failed to parse geoworld:nether/nether_garden from pack file/geoworld-datapack
	at net.minecraft.resources.RegistryLoadTask$PendingRegistration.loadFromResource(RegistryLoadTask.java:116)
	at net.minecraft.resources.ResourceManagerRegistryLoadTask.lambda$load$2(ResourceManagerRegistryLoadTask.java:55)
	at net.minecraft.util.thread.ParallelMapTransform$Container.applyOperation(ParallelMapTransform.java:123)
	at net.minecraft.util.thread.ParallelMapTransform$BatchedTaskSplitter.lambda$createTask$0(ParallelMapTransform.java:80)
	at java.base/java.util.concurrent.CompletableFuture$AsyncRun.run(CompletableFuture.java:1825)
	at java.base/java.util.concurrent.CompletableFuture$AsyncRun.exec(CompletableFuture.java:1817)
	at java.base/java.util.concurrent.ForkJoinTask.doExec(ForkJoinTask.java:511)
	at java.base/java.util.concurrent.ForkJoinPool$WorkQueue.topLevelExec(ForkJoinPool.java:1450)
	at java.base/java.util.concurrent.ForkJoinPool.runWorker(ForkJoinPool.java:2019)
	at java.base/java.util.concurrent.ForkJoinWorkerThread.run(ForkJoinWorkerThread.java:187)
Caused by: java.lang.IllegalStateException: Failed to parse either. First: Not a string: {}; Second: Failed to parse either. First: Not a json array: {}; Second: No key type in MapLike[{}]
	at com.mojang.serialization.DataResult$Error.getOrThrow(DataResult.java:287)
	at com.mojang.serialization.DataResult.getOrThrow(DataResult.java:81)
	at net.minecraft.resources.RegistryLoadTask$PendingRegistration.loadFromResource(RegistryLoadTask.java:109)
	... 9 more
>> Errors in element geoworld:nether/soul_archive:
java.lang.IllegalStateException: Failed to parse geoworld:nether/soul_archive from pack file/geoworld-datapack
	at net.minecraft.resources.RegistryLoadTask$PendingRegistration.loadFromResource(RegistryLoadTask.java:116)
	at net.minecraft.resources.ResourceManagerRegistryLoadTask.lambda$load$2(ResourceManagerRegistryLoadTask.java:55)
	at net.minecraft.util.thread.ParallelMapTransform$Container.applyOperation(ParallelMapTransform.java:123)
	at net.minecraft.util.thread.ParallelMapTransform$BatchedTaskSplitter.lambda$createTask$0(ParallelMapTransform.java:80)
	at java.base/java.util.concurrent.CompletableFuture$AsyncRun.run(CompletableFuture.java:1825)
	at java.base/java.util.concurrent.CompletableFuture$AsyncRun.exec(CompletableFuture.java:1817)
	at java.base/java.util.concurrent.ForkJoinTask.doExec(ForkJoinTask.java:511)
	at java.base/java.util.concurrent.ForkJoinPool$WorkQueue.topLevelExec(ForkJoinPool.java:1450)
	at java.base/java.util.concurrent.ForkJoinPool.runWorker(ForkJoinPool.java:2019)
	at java.base/java.util.concurrent.ForkJoinWorkerThread.run(ForkJoinWorkerThread.java:187)
Caused by: java.lang.IllegalStateException: Failed to parse either. First: Not a string: {}; Second: Failed to parse either. First: Not a json array: {}; Second: No key type in MapLike[{}]
	at com.mojang.serialization.DataResult$Error.getOrThrow(DataResult.java:287)
	at com.mojang.serialization.DataResult.getOrThrow(DataResult.java:81)
	at net.minecraft.resources.RegistryLoadTask$PendingRegistration.loadFromResource(RegistryLoadTask.java:109)
	... 9 more
>> Errors in element geoworld:obsidian_spires:
java.lang.IllegalStateException: Failed to parse geoworld:obsidian_spires from pack file/geoworld-datapack
	at net.minecraft.resources.RegistryLoadTask$PendingRegistration.loadFromResource(RegistryLoadTask.java:116)
	at net.minecraft.resources.ResourceManagerRegistryLoadTask.lambda$load$2(ResourceManagerRegistryLoadTask.java:55)
	at net.minecraft.util.thread.ParallelMapTransform$Container.applyOperation(ParallelMapTransform.java:123)
	at net.minecraft.util.thread.ParallelMapTransform$BatchedTaskSplitter.lambda$createTask$0(ParallelMapTransform.java:80)
	at java.base/java.util.concurrent.CompletableFuture$AsyncRun.run(CompletableFuture.java:1825)
	at java.base/java.util.concurrent.CompletableFuture$AsyncRun.exec(CompletableFuture.java:1817)
	at java.base/java.util.concurrent.ForkJoinTask.doExec(ForkJoinTask.java:511)
	at java.base/java.util.concurrent.ForkJoinPool$WorkQueue.topLevelExec(ForkJoinPool.java:1450)
	at java.base/java.util.concurrent.ForkJoinPool.runWorker(ForkJoinPool.java:2019)
	at java.base/java.util.concurrent.ForkJoinWorkerThread.run(ForkJoinWorkerThread.java:187)
Caused by: java.lang.IllegalStateException: Failed to parse either. First: Not a string: {}; Second: Failed to parse either. First: Not a json array: {}; Second: No key type in MapLike[{}]
	at com.mojang.serialization.DataResult$Error.getOrThrow(DataResult.java:287)
	at com.mojang.serialization.DataResult.getOrThrow(DataResult.java:81)
	at net.minecraft.resources.RegistryLoadTask$PendingRegistration.loadFromResource(RegistryLoadTask.java:109)
	... 9 more
>> Errors in element geoworld:pearl_lagoon:
java.lang.IllegalStateException: Failed to parse geoworld:pearl_lagoon from pack file/geoworld-datapack
	at net.minecraft.resources.RegistryLoadTask$PendingRegistration.loadFromResource(RegistryLoadTask.java:116)
	at net.minecraft.resources.ResourceManagerRegistryLoadTask.lambda$load$2(ResourceManagerRegistryLoadTask.java:55)
	at net.minecraft.util.thread.ParallelMapTransform$Container.applyOperation(ParallelMapTransform.java:123)
	at net.minecraft.util.thread.ParallelMapTransform$BatchedTaskSplitter.lambda$createTask$0(ParallelMapTransform.java:80)
	at java.base/java.util.concurrent.CompletableFuture$AsyncRun.run(CompletableFuture.java:1825)
	at java.base/java.util.concurrent.CompletableFuture$AsyncRun.exec(CompletableFuture.java:1817)
	at java.base/java.util.concurrent.ForkJoinTask.doExec(ForkJoinTask.java:511)
	at java.base/java.util.concurrent.ForkJoinPool$WorkQueue.topLevelExec(ForkJoinPool.java:1450)
	at java.base/java.util.concurrent.ForkJoinPool.runWorker(ForkJoinPool.java:2019)
	at java.base/java.util.concurrent.ForkJoinWorkerThread.run(ForkJoinWorkerThread.java:187)
Caused by: java.lang.IllegalStateException: Failed to parse either. First: Not a string: {}; Second: Failed to parse either. First: Not a json array: {}; Second: No key type in MapLike[{}]
	at com.mojang.serialization.DataResult$Error.getOrThrow(DataResult.java:287)
	at com.mojang.serialization.DataResult.getOrThrow(DataResult.java:81)
	at net.minecraft.resources.RegistryLoadTask$PendingRegistration.loadFromResource(RegistryLoadTask.java:109)
	... 9 more
>> Errors in element geoworld:peat_moors:
java.lang.IllegalStateException: Failed to parse geoworld:peat_moors from pack file/geoworld-datapack
	at net.minecraft.resources.RegistryLoadTask$PendingRegistration.loadFromResource(RegistryLoadTask.java:116)
	at net.minecraft.resources.ResourceManagerRegistryLoadTask.lambda$load$2(ResourceManagerRegistryLoadTask.java:55)
	at net.minecraft.util.thread.ParallelMapTransform$Container.applyOperation(ParallelMapTransform.java:123)
	at net.minecraft.util.thread.ParallelMapTransform$BatchedTaskSplitter.lambda$createTask$0(ParallelMapTransform.java:80)
	at java.base/java.util.concurrent.CompletableFuture$AsyncRun.run(CompletableFuture.java:1825)
	at java.base/java.util.concurrent.CompletableFuture$AsyncRun.exec(CompletableFuture.java:1817)
	at java.base/java.util.concurrent.ForkJoinTask.doExec(ForkJoinTask.java:511)
	at java.base/java.util.concurrent.ForkJoinPool$WorkQueue.topLevelExec(ForkJoinPool.java:1450)
	at java.base/java.util.concurrent.ForkJoinPool.runWorker(ForkJoinPool.java:2019)
	at java.base/java.util.concurrent.ForkJoinWorkerThread.run(ForkJoinWorkerThread.java:187)
Caused by: java.lang.IllegalStateException: Failed to parse either. First: Not a string: {}; Second: Failed to parse either. First: Not a json array: {}; Second: No key type in MapLike[{}]
	at com.mojang.serialization.DataResult$Error.getOrThrow(DataResult.java:287)
	at com.mojang.serialization.DataResult.getOrThrow(DataResult.java:81)
	at net.minecraft.resources.RegistryLoadTask$PendingRegistration.loadFromResource(RegistryLoadTask.java:109)
	... 9 more
>> Errors in element geoworld:petrified_wasteland:
java.lang.IllegalStateException: Failed to parse geoworld:petrified_wasteland from pack file/geoworld-datapack
	at net.minecraft.resources.RegistryLoadTask$PendingRegistration.loadFromResource(RegistryLoadTask.java:116)
	at net.minecraft.resources.ResourceManagerRegistryLoadTask.lambda$load$2(ResourceManagerRegistryLoadTask.java:55)
	at net.minecraft.util.thread.ParallelMapTransform$Container.applyOperation(ParallelMapTransform.java:123)
	at net.minecraft.util.thread.ParallelMapTransform$BatchedTaskSplitter.lambda$createTask$0(ParallelMapTransform.java:80)
	at java.base/java.util.concurrent.CompletableFuture$AsyncRun.run(CompletableFuture.java:1825)
	at java.base/java.util.concurrent.CompletableFuture$AsyncRun.exec(CompletableFuture.java:1817)
	at java.base/java.util.concurrent.ForkJoinTask.doExec(ForkJoinTask.java:511)
	at java.base/java.util.concurrent.ForkJoinPool$WorkQueue.topLevelExec(ForkJoinPool.java:1450)
	at java.base/java.util.concurrent.ForkJoinPool.runWorker(ForkJoinPool.java:2019)
	at java.base/java.util.concurrent.ForkJoinWorkerThread.run(ForkJoinWorkerThread.java:187)
Caused by: java.lang.IllegalStateException: Failed to parse either. First: Not a string: {}; Second: Failed to parse either. First: Not a json array: {}; Second: No key type in MapLike[{}]
	at com.mojang.serialization.DataResult$Error.getOrThrow(DataResult.java:287)
	at com.mojang.serialization.DataResult.getOrThrow(DataResult.java:81)
	at net.minecraft.resources.RegistryLoadTask$PendingRegistration.loadFromResource(RegistryLoadTask.java:109)
	... 9 more
>> Errors in element geoworld:red_canyon:
java.lang.IllegalStateException: Failed to parse geoworld:red_canyon from pack file/geoworld-datapack
	at net.minecraft.resources.RegistryLoadTask$PendingRegistration.loadFromResource(RegistryLoadTask.java:116)
	at net.minecraft.resources.ResourceManagerRegistryLoadTask.lambda$load$2(ResourceManagerRegistryLoadTask.java:55)
	at net.minecraft.util.thread.ParallelMapTransform$Container.applyOperation(ParallelMapTransform.java:123)
	at net.minecraft.util.thread.ParallelMapTransform$BatchedTaskSplitter.lambda$createTask$0(ParallelMapTransform.java:80)
	at java.base/java.util.concurrent.CompletableFuture$AsyncRun.run(CompletableFuture.java:1825)
	at java.base/java.util.concurrent.CompletableFuture$AsyncRun.exec(CompletableFuture.java:1817)
	at java.base/java.util.concurrent.ForkJoinTask.doExec(ForkJoinTask.java:511)
	at java.base/java.util.concurrent.ForkJoinPool$WorkQueue.topLevelExec(ForkJoinPool.java:1450)
	at java.base/java.util.concurrent.ForkJoinPool.runWorker(ForkJoinPool.java:2019)
	at java.base/java.util.concurrent.ForkJoinWorkerThread.run(ForkJoinWorkerThread.java:187)
Caused by: java.lang.IllegalStateException: Failed to parse either. First: Not a string: {}; Second: Failed to parse either. First: Not a json array: {}; Second: No key type in MapLike[{}]
	at com.mojang.serialization.DataResult$Error.getOrThrow(DataResult.java:287)
	at com.mojang.serialization.DataResult.getOrThrow(DataResult.java:81)
	at net.minecraft.resources.RegistryLoadTask$PendingRegistration.loadFromResource(RegistryLoadTask.java:109)
	... 9 more
>> Errors in element geoworld:rime_coast:
java.lang.IllegalStateException: Failed to parse geoworld:rime_coast from pack file/geoworld-datapack
	at net.minecraft.resources.RegistryLoadTask$PendingRegistration.loadFromResource(RegistryLoadTask.java:116)
	at net.minecraft.resources.ResourceManagerRegistryLoadTask.lambda$load$2(ResourceManagerRegistryLoadTask.java:55)
	at net.minecraft.util.thread.ParallelMapTransform$Container.applyOperation(ParallelMapTransform.java:123)
	at net.minecraft.util.thread.ParallelMapTransform$BatchedTaskSplitter.lambda$createTask$0(ParallelMapTransform.java:80)
	at java.base/java.util.concurrent.CompletableFuture$AsyncRun.run(CompletableFuture.java:1825)
	at java.base/java.util.concurrent.CompletableFuture$AsyncRun.exec(CompletableFuture.java:1817)
	at java.base/java.util.concurrent.ForkJoinTask.doExec(ForkJoinTask.java:511)
	at java.base/java.util.concurrent.ForkJoinPool$WorkQueue.topLevelExec(ForkJoinPool.java:1450)
	at java.base/java.util.concurrent.ForkJoinPool.runWorker(ForkJoinPool.java:2019)
	at java.base/java.util.concurrent.ForkJoinWorkerThread.run(ForkJoinWorkerThread.java:187)
Caused by: java.lang.IllegalStateException: Failed to parse either. First: Not a string: {}; Second: Failed to parse either. First: Not a json array: {}; Second: No key type in MapLike[{}]
	at com.mojang.serialization.DataResult$Error.getOrThrow(DataResult.java:287)
	at com.mojang.serialization.DataResult.getOrThrow(DataResult.java:81)
	at net.minecraft.resources.RegistryLoadTask$PendingRegistration.loadFromResource(RegistryLoadTask.java:109)
	... 9 more
>> Errors in element geoworld:rune_highlands:
java.lang.IllegalStateException: Failed to parse geoworld:rune_highlands from pack file/geoworld-datapack
	at net.minecraft.resources.RegistryLoadTask$PendingRegistration.loadFromResource(RegistryLoadTask.java:116)
	at net.minecraft.resources.ResourceManagerRegistryLoadTask.lambda$load$2(ResourceManagerRegistryLoadTask.java:55)
	at net.minecraft.util.thread.ParallelMapTransform$Container.applyOperation(ParallelMapTransform.java:123)
	at net.minecraft.util.thread.ParallelMapTransform$BatchedTaskSplitter.lambda$createTask$0(ParallelMapTransform.java:80)
	at java.base/java.util.concurrent.CompletableFuture$AsyncRun.run(CompletableFuture.java:1825)
	at java.base/java.util.concurrent.CompletableFuture$AsyncRun.exec(CompletableFuture.java:1817)
	at java.base/java.util.concurrent.ForkJoinTask.doExec(ForkJoinTask.java:511)
	at java.base/java.util.concurrent.ForkJoinPool$WorkQueue.topLevelExec(ForkJoinPool.java:1450)
	at java.base/java.util.concurrent.ForkJoinPool.runWorker(ForkJoinPool.java:2019)
	at java.base/java.util.concurrent.ForkJoinWorkerThread.run(ForkJoinWorkerThread.java:187)
Caused by: java.lang.IllegalStateException: Failed to parse either. First: Not a string: {}; Second: Failed to parse either. First: Not a json array: {}; Second: No key type in MapLike[{}]
	at com.mojang.serialization.DataResult$Error.getOrThrow(DataResult.java:287)
	at com.mojang.serialization.DataResult.getOrThrow(DataResult.java:81)
	at net.minecraft.resources.RegistryLoadTask$PendingRegistration.loadFromResource(RegistryLoadTask.java:109)
	... 9 more
>> Errors in element geoworld:salt_flats:
java.lang.IllegalStateException: Failed to parse geoworld:salt_flats from pack file/geoworld-datapack
	at net.minecraft.resources.RegistryLoadTask$PendingRegistration.loadFromResource(RegistryLoadTask.java:116)
	at net.minecraft.resources.ResourceManagerRegistryLoadTask.lambda$load$2(ResourceManagerRegistryLoadTask.java:55)
	at net.minecraft.util.thread.ParallelMapTransform$Container.applyOperation(ParallelMapTransform.java:123)
	at net.minecraft.util.thread.ParallelMapTransform$BatchedTaskSplitter.lambda$createTask$0(ParallelMapTransform.java:80)
	at java.base/java.util.concurrent.CompletableFuture$AsyncRun.run(CompletableFuture.java:1825)
	at java.base/java.util.concurrent.CompletableFuture$AsyncRun.exec(CompletableFuture.java:1817)
	at java.base/java.util.concurrent.ForkJoinTask.doExec(ForkJoinTask.java:511)
	at java.base/java.util.concurrent.ForkJoinPool$WorkQueue.topLevelExec(ForkJoinPool.java:1450)
	at java.base/java.util.concurrent.ForkJoinPool.runWorker(ForkJoinPool.java:2019)
	at java.base/java.util.concurrent.ForkJoinWorkerThread.run(ForkJoinWorkerThread.java:187)
Caused by: java.lang.IllegalStateException: Failed to parse either. First: Not a string: {}; Second: Failed to parse either. First: Not a json array: {}; Second: No key type in MapLike[{}]
	at com.mojang.serialization.DataResult$Error.getOrThrow(DataResult.java:287)
	at com.mojang.serialization.DataResult.getOrThrow(DataResult.java:81)
	at net.minecraft.resources.RegistryLoadTask$PendingRegistration.loadFromResource(RegistryLoadTask.java:109)
	... 9 more
>> Errors in element geoworld:skyreach_plateau:
java.lang.IllegalStateException: Failed to parse geoworld:skyreach_plateau from pack file/geoworld-datapack
	at net.minecraft.resources.RegistryLoadTask$PendingRegistration.loadFromResource(RegistryLoadTask.java:116)
	at net.minecraft.resources.ResourceManagerRegistryLoadTask.lambda$load$2(ResourceManagerRegistryLoadTask.java:55)
	at net.minecraft.util.thread.ParallelMapTransform$Container.applyOperation(ParallelMapTransform.java:123)
	at net.minecraft.util.thread.ParallelMapTransform$BatchedTaskSplitter.lambda$createTask$0(ParallelMapTransform.java:80)
	at java.base/java.util.concurrent.CompletableFuture$AsyncRun.run(CompletableFuture.java:1825)
	at java.base/java.util.concurrent.CompletableFuture$AsyncRun.exec(CompletableFuture.java:1817)
	at java.base/java.util.concurrent.ForkJoinTask.doExec(ForkJoinTask.java:511)
	at java.base/java.util.concurrent.ForkJoinPool$WorkQueue.topLevelExec(ForkJoinPool.java:1450)
	at java.base/java.util.concurrent.ForkJoinPool.runWorker(ForkJoinPool.java:2019)
	at java.base/java.util.concurrent.ForkJoinWorkerThread.run(ForkJoinWorkerThread.java:187)
Caused by: java.lang.IllegalStateException: Failed to parse either. First: Not a string: {}; Second: Failed to parse either. First: Not a json array: {}; Second: No key type in MapLike[{}]
	at com.mojang.serialization.DataResult$Error.getOrThrow(DataResult.java:287)
	at com.mojang.serialization.DataResult.getOrThrow(DataResult.java:81)
	at net.minecraft.resources.RegistryLoadTask$PendingRegistration.loadFromResource(RegistryLoadTask.java:109)
	... 9 more
>> Errors in element geoworld:spore_jungle:
java.lang.IllegalStateException: Failed to parse geoworld:spore_jungle from pack file/geoworld-datapack
	at net.minecraft.resources.RegistryLoadTask$PendingRegistration.loadFromResource(RegistryLoadTask.java:116)
	at net.minecraft.resources.ResourceManagerRegistryLoadTask.lambda$load$2(ResourceManagerRegistryLoadTask.java:55)
	at net.minecraft.util.thread.ParallelMapTransform$Container.applyOperation(ParallelMapTransform.java:123)
	at net.minecraft.util.thread.ParallelMapTransform$BatchedTaskSplitter.lambda$createTask$0(ParallelMapTransform.java:80)
	at java.base/java.util.concurrent.CompletableFuture$AsyncRun.run(CompletableFuture.java:1825)
	at java.base/java.util.concurrent.CompletableFuture$AsyncRun.exec(CompletableFuture.java:1817)
	at java.base/java.util.concurrent.ForkJoinTask.doExec(ForkJoinTask.java:511)
	at java.base/java.util.concurrent.ForkJoinPool$WorkQueue.topLevelExec(ForkJoinPool.java:1450)
	at java.base/java.util.concurrent.ForkJoinPool.runWorker(ForkJoinPool.java:2019)
	at java.base/java.util.concurrent.ForkJoinWorkerThread.run(ForkJoinWorkerThread.java:187)
Caused by: java.lang.IllegalStateException: Failed to parse either. First: Not a string: {}; Second: Failed to parse either. First: Not a json array: {}; Second: No key type in MapLike[{}]
	at com.mojang.serialization.DataResult$Error.getOrThrow(DataResult.java:287)
	at com.mojang.serialization.DataResult.getOrThrow(DataResult.java:81)
	at net.minecraft.resources.RegistryLoadTask$PendingRegistration.loadFromResource(RegistryLoadTask.java:109)
	... 9 more
>> Errors in element geoworld:starfall_meadow:
java.lang.IllegalStateException: Failed to parse geoworld:starfall_meadow from pack file/geoworld-datapack
	at net.minecraft.resources.RegistryLoadTask$PendingRegistration.loadFromResource(RegistryLoadTask.java:116)
	at net.minecraft.resources.ResourceManagerRegistryLoadTask.lambda$load$2(ResourceManagerRegistryLoadTask.java:55)
	at net.minecraft.util.thread.ParallelMapTransform$Container.applyOperation(ParallelMapTransform.java:123)
	at net.minecraft.util.thread.ParallelMapTransform$BatchedTaskSplitter.lambda$createTask$0(ParallelMapTransform.java:80)
	at java.base/java.util.concurrent.CompletableFuture$AsyncRun.run(CompletableFuture.java:1825)
	at java.base/java.util.concurrent.CompletableFuture$AsyncRun.exec(CompletableFuture.java:1817)
	at java.base/java.util.concurrent.ForkJoinTask.doExec(ForkJoinTask.java:511)
	at java.base/java.util.concurrent.ForkJoinPool$WorkQueue.topLevelExec(ForkJoinPool.java:1450)
	at java.base/java.util.concurrent.ForkJoinPool.runWorker(ForkJoinPool.java:2019)
	at java.base/java.util.concurrent.ForkJoinWorkerThread.run(ForkJoinWorkerThread.java:187)
Caused by: java.lang.IllegalStateException: Failed to parse either. First: Not a string: {}; Second: Failed to parse either. First: Not a json array: {}; Second: No key type in MapLike[{}]
	at com.mojang.serialization.DataResult$Error.getOrThrow(DataResult.java:287)
	at com.mojang.serialization.DataResult.getOrThrow(DataResult.java:81)
	at net.minecraft.resources.RegistryLoadTask$PendingRegistration.loadFromResource(RegistryLoadTask.java:109)
	... 9 more
>> Errors in element geoworld:sunken_city:
java.lang.IllegalStateException: Failed to parse geoworld:sunken_city from pack file/geoworld-datapack
	at net.minecraft.resources.RegistryLoadTask$PendingRegistration.loadFromResource(RegistryLoadTask.java:116)
	at net.minecraft.resources.ResourceManagerRegistryLoadTask.lambda$load$2(ResourceManagerRegistryLoadTask.java:55)
	at net.minecraft.util.thread.ParallelMapTransform$Container.applyOperation(ParallelMapTransform.java:123)
	at net.minecraft.util.thread.ParallelMapTransform$BatchedTaskSplitter.lambda$createTask$0(ParallelMapTransform.java:80)
	at java.base/java.util.concurrent.CompletableFuture$AsyncRun.run(CompletableFuture.java:1825)
	at java.base/java.util.concurrent.CompletableFuture$AsyncRun.exec(CompletableFuture.java:1817)
	at java.base/java.util.concurrent.ForkJoinTask.doExec(ForkJoinTask.java:511)
	at java.base/java.util.concurrent.ForkJoinPool$WorkQueue.topLevelExec(ForkJoinPool.java:1450)
	at java.base/java.util.concurrent.ForkJoinPool.runWorker(ForkJoinPool.java:2019)
	at java.base/java.util.concurrent.ForkJoinWorkerThread.run(ForkJoinWorkerThread.java:187)
Caused by: java.lang.IllegalStateException: Failed to parse either. First: Not a string: {}; Second: Failed to parse either. First: Not a json array: {}; Second: No key type in MapLike[{}]
	at com.mojang.serialization.DataResult$Error.getOrThrow(DataResult.java:287)
	at com.mojang.serialization.DataResult.getOrThrow(DataResult.java:81)
	at net.minecraft.resources.RegistryLoadTask$PendingRegistration.loadFromResource(RegistryLoadTask.java:109)
	... 9 more
>> Errors in element geoworld:thunder_steppe:
java.lang.IllegalStateException: Failed to parse geoworld:thunder_steppe from pack file/geoworld-datapack
	at net.minecraft.resources.RegistryLoadTask$PendingRegistration.loadFromResource(RegistryLoadTask.java:116)
	at net.minecraft.resources.ResourceManagerRegistryLoadTask.lambda$load$2(ResourceManagerRegistryLoadTask.java:55)
	at net.minecraft.util.thread.ParallelMapTransform$Container.applyOperation(ParallelMapTransform.java:123)
	at net.minecraft.util.thread.ParallelMapTransform$BatchedTaskSplitter.lambda$createTask$0(ParallelMapTransform.java:80)
	at java.base/java.util.concurrent.CompletableFuture$AsyncRun.run(CompletableFuture.java:1825)
	at java.base/java.util.concurrent.CompletableFuture$AsyncRun.exec(CompletableFuture.java:1817)
	at java.base/java.util.concurrent.ForkJoinTask.doExec(ForkJoinTask.java:511)
	at java.base/java.util.concurrent.ForkJoinPool$WorkQueue.topLevelExec(ForkJoinPool.java:1450)
	at java.base/java.util.concurrent.ForkJoinPool.runWorker(ForkJoinPool.java:2019)
	at java.base/java.util.concurrent.ForkJoinWorkerThread.run(ForkJoinWorkerThread.java:187)
Caused by: java.lang.IllegalStateException: Failed to parse either. First: Not a string: {}; Second: Failed to parse either. First: Not a json array: {}; Second: No key type in MapLike[{}]
	at com.mojang.serialization.DataResult$Error.getOrThrow(DataResult.java:287)
	at com.mojang.serialization.DataResult.getOrThrow(DataResult.java:81)
	at net.minecraft.resources.RegistryLoadTask$PendingRegistration.loadFromResource(RegistryLoadTask.java:109)
	... 9 more
>> Errors in element geoworld:twilight_canopy:
java.lang.IllegalStateException: Failed to parse geoworld:twilight_canopy from pack file/geoworld-datapack
	at net.minecraft.resources.RegistryLoadTask$PendingRegistration.loadFromResource(RegistryLoadTask.java:116)
	at net.minecraft.resources.ResourceManagerRegistryLoadTask.lambda$load$2(ResourceManagerRegistryLoadTask.java:55)
	at net.minecraft.util.thread.ParallelMapTransform$Container.applyOperation(ParallelMapTransform.java:123)
	at net.minecraft.util.thread.ParallelMapTransform$BatchedTaskSplitter.lambda$createTask$0(ParallelMapTransform.java:80)
	at java.base/java.util.concurrent.CompletableFuture$AsyncRun.run(CompletableFuture.java:1825)
	at java.base/java.util.concurrent.CompletableFuture$AsyncRun.exec(CompletableFuture.java:1817)
	at java.base/java.util.concurrent.ForkJoinTask.doExec(ForkJoinTask.java:511)
	at java.base/java.util.concurrent.ForkJoinPool$WorkQueue.topLevelExec(ForkJoinPool.java:1450)
	at java.base/java.util.concurrent.ForkJoinPool.runWorker(ForkJoinPool.java:2019)
	at java.base/java.util.concurrent.ForkJoinWorkerThread.run(ForkJoinWorkerThread.java:187)
Caused by: java.lang.IllegalStateException: Failed to parse either. First: Not a string: {}; Second: Failed to parse either. First: Not a json array: {}; Second: No key type in MapLike[{}]
	at com.mojang.serialization.DataResult$Error.getOrThrow(DataResult.java:287)
	at com.mojang.serialization.DataResult.getOrThrow(DataResult.java:81)
	at net.minecraft.resources.RegistryLoadTask$PendingRegistration.loadFromResource(RegistryLoadTask.java:109)
	... 9 more
>> Errors in element geoworld:verdant_chasms:
java.lang.IllegalStateException: Failed to parse geoworld:verdant_chasms from pack file/geoworld-datapack
	at net.minecraft.resources.RegistryLoadTask$PendingRegistration.loadFromResource(RegistryLoadTask.java:116)
	at net.minecraft.resources.ResourceManagerRegistryLoadTask.lambda$load$2(ResourceManagerRegistryLoadTask.java:55)
	at net.minecraft.util.thread.ParallelMapTransform$Container.applyOperation(ParallelMapTransform.java:123)
	at net.minecraft.util.thread.ParallelMapTransform$BatchedTaskSplitter.lambda$createTask$0(ParallelMapTransform.java:80)
	at java.base/java.util.concurrent.CompletableFuture$AsyncRun.run(CompletableFuture.java:1825)
	at java.base/java.util.concurrent.CompletableFuture$AsyncRun.exec(CompletableFuture.java:1817)
	at java.base/java.util.concurrent.ForkJoinTask.doExec(ForkJoinTask.java:511)
	at java.base/java.util.concurrent.ForkJoinPool$WorkQueue.topLevelExec(ForkJoinPool.java:1450)
	at java.base/java.util.concurrent.ForkJoinPool.runWorker(ForkJoinPool.java:2019)
	at java.base/java.util.concurrent.ForkJoinWorkerThread.run(ForkJoinWorkerThread.java:187)
Caused by: java.lang.IllegalStateException: Failed to parse either. First: Not a string: {}; Second: Failed to parse either. First: Not a json array: {}; Second: No key type in MapLike[{}]
	at com.mojang.serialization.DataResult$Error.getOrThrow(DataResult.java:287)
	at com.mojang.serialization.DataResult.getOrThrow(DataResult.java:81)
	at net.minecraft.resources.RegistryLoadTask$PendingRegistration.loadFromResource(RegistryLoadTask.java:109)
	... 9 more
>> Errors in element geoworld:volcanic_ashfields:
java.lang.IllegalStateException: Failed to parse geoworld:volcanic_ashfields from pack file/geoworld-datapack
	at net.minecraft.resources.RegistryLoadTask$PendingRegistration.loadFromResource(RegistryLoadTask.java:116)
	at net.minecraft.resources.ResourceManagerRegistryLoadTask.lambda$load$2(ResourceManagerRegistryLoadTask.java:55)
	at net.minecraft.util.thread.ParallelMapTransform$Container.applyOperation(ParallelMapTransform.java:123)
	at net.minecraft.util.thread.ParallelMapTransform$BatchedTaskSplitter.lambda$createTask$0(ParallelMapTransform.java:80)
	at java.base/java.util.concurrent.CompletableFuture$AsyncRun.run(CompletableFuture.java:1825)
	at java.base/java.util.concurrent.CompletableFuture$AsyncRun.exec(CompletableFuture.java:1817)
	at java.base/java.util.concurrent.ForkJoinTask.doExec(ForkJoinTask.java:511)
	at java.base/java.util.concurrent.ForkJoinPool$WorkQueue.topLevelExec(ForkJoinPool.java:1450)
	at java.base/java.util.concurrent.ForkJoinPool.runWorker(ForkJoinPool.java:2019)
	at java.base/java.util.concurrent.ForkJoinWorkerThread.run(ForkJoinWorkerThread.java:187)
Caused by: java.lang.IllegalStateException: Failed to parse either. First: Not a string: {}; Second: Failed to parse either. First: Not a json array: {}; Second: No key type in MapLike[{}]
	at com.mojang.serialization.DataResult$Error.getOrThrow(DataResult.java:287)
	at com.mojang.serialization.DataResult.getOrThrow(DataResult.java:81)
	at net.minecraft.resources.RegistryLoadTask$PendingRegistration.loadFromResource(RegistryLoadTask.java:109)
	... 9 more
>> Errors in element geoworld:volcanic_island:
java.lang.IllegalStateException: Failed to parse geoworld:volcanic_island from pack file/geoworld-datapack
	at net.minecraft.resources.RegistryLoadTask$PendingRegistration.loadFromResource(RegistryLoadTask.java:116)
	at net.minecraft.resources.ResourceManagerRegistryLoadTask.lambda$load$2(ResourceManagerRegistryLoadTask.java:55)
	at net.minecraft.util.thread.ParallelMapTransform$Container.applyOperation(ParallelMapTransform.java:123)
	at net.minecraft.util.thread.ParallelMapTransform$BatchedTaskSplitter.lambda$createTask$0(ParallelMapTransform.java:80)
	at java.base/java.util.concurrent.CompletableFuture$AsyncRun.run(CompletableFuture.java:1825)
	at java.base/java.util.concurrent.CompletableFuture$AsyncRun.exec(CompletableFuture.java:1817)
	at java.base/java.util.concurrent.ForkJoinTask.doExec(ForkJoinTask.java:511)
	at java.base/java.util.concurrent.ForkJoinPool$WorkQueue.topLevelExec(ForkJoinPool.java:1450)
	at java.base/java.util.concurrent.ForkJoinPool.runWorker(ForkJoinPool.java:2019)
	at java.base/java.util.concurrent.ForkJoinWorkerThread.run(ForkJoinWorkerThread.java:187)
Caused by: java.lang.IllegalStateException: Failed to parse either. First: Not a string: {}; Second: Failed to parse either. First: Not a json array: {}; Second: No key type in MapLike[{}]
	at com.mojang.serialization.DataResult$Error.getOrThrow(DataResult.java:287)
	at com.mojang.serialization.DataResult.getOrThrow(DataResult.java:81)
	at net.minecraft.resources.RegistryLoadTask$PendingRegistration.loadFromResource(RegistryLoadTask.java:109)
	... 9 more
>> Errors in element geoworld:whispering_pines:
java.lang.IllegalStateException: Failed to parse geoworld:whispering_pines from pack file/geoworld-datapack
	at net.minecraft.resources.RegistryLoadTask$PendingRegistration.loadFromResource(RegistryLoadTask.java:116)
	at net.minecraft.resources.ResourceManagerRegistryLoadTask.lambda$load$2(ResourceManagerRegistryLoadTask.java:55)
	at net.minecraft.util.thread.ParallelMapTransform$Container.applyOperation(ParallelMapTransform.java:123)
	at net.minecraft.util.thread.ParallelMapTransform$BatchedTaskSplitter.lambda$createTask$0(ParallelMapTransform.java:80)
	at java.base/java.util.concurrent.CompletableFuture$AsyncRun.run(CompletableFuture.java:1825)
	at java.base/java.util.concurrent.CompletableFuture$AsyncRun.exec(CompletableFuture.java:1817)
	at java.base/java.util.concurrent.ForkJoinTask.doExec(ForkJoinTask.java:511)
	at java.base/java.util.concurrent.ForkJoinPool$WorkQueue.topLevelExec(ForkJoinPool.java:1450)
	at java.base/java.util.concurrent.ForkJoinPool.runWorker(ForkJoinPool.java:2019)
	at java.base/java.util.concurrent.ForkJoinWorkerThread.run(ForkJoinWorkerThread.java:187)
Caused by: java.lang.IllegalStateException: Failed to parse either. First: Not a string: {}; Second: Failed to parse either. First: Not a json array: {}; Second: No key type in MapLike[{}]
	at com.mojang.serialization.DataResult$Error.getOrThrow(DataResult.java:287)
	at com.mojang.serialization.DataResult.getOrThrow(DataResult.java:81)
	at net.minecraft.resources.RegistryLoadTask$PendingRegistration.loadFromResource(RegistryLoadTask.java:109)
	... 9 more

[18:42:53] [ServerMain/WARN]: Failed to load datapacks, can't proceed with server load. You can either fix your datapacks or reset to vanilla with --safeMode
java.util.concurrent.ExecutionException: net.minecraft.ReportedException: Registry Loading
	at java.base/java.util.concurrent.CompletableFuture.wrapInExecutionException(CompletableFuture.java:345) ~[?:?]
	at java.base/java.util.concurrent.CompletableFuture.reportGet(CompletableFuture.java:440) ~[?:?]
	at java.base/java.util.concurrent.CompletableFuture.get(CompletableFuture.java:2094) ~[?:?]
	at net.minecraft.server.Main.main(Main.java:282) ~[paper-26.1.2.jar:26.1.2-63-711c5de]
	at io.papermc.paper.PaperBootstrap.boot(PaperBootstrap.java:21) ~[paper-26.1.2.jar:26.1.2-63-711c5de]
	at org.bukkit.craftbukkit.Main.main(Main.java:204) ~[paper-26.1.2.jar:26.1.2-63-711c5de]
	at io.papermc.paperclip.Paperclip.lambda$main$0(Paperclip.java:42) ~[?:?]
	at java.base/java.lang.Thread.run(Thread.java:1474) ~[?:?]
Caused by: net.minecraft.ReportedException: Registry Loading
	at net.minecraft.resources.RegistryDataLoader.createReportWithBriefInfo(RegistryDataLoader.java:311) ~[paper-26.1.2.jar:26.1.2-63-711c5de]
	at net.minecraft.resources.RegistryDataLoader.logErrors(RegistryDataLoader.java:270) ~[paper-26.1.2.jar:26.1.2-63-711c5de]
	at net.minecraft.resources.RegistryDataLoader.lambda$load$2(RegistryDataLoader.java:220) ~[paper-26.1.2.jar:26.1.2-63-711c5de]
	at java.base/java.util.concurrent.CompletableFuture$UniApply.tryFire(CompletableFuture.java:667) ~[?:?]
	at java.base/java.util.concurrent.CompletableFuture$Completion.exec(CompletableFuture.java:504) ~[?:?]
	at java.base/java.util.concurrent.ForkJoinTask.doExec(ForkJoinTask.java:511) ~[?:?]
	at java.base/java.util.concurrent.ForkJoinPool$WorkQueue.topLevelExec(ForkJoinPool.java:1450) ~[?:?]
	at java.base/java.util.concurrent.ForkJoinPool.runWorker(ForkJoinPool.java:2019) ~[?:?]
	at java.base/java.util.concurrent.ForkJoinWorkerThread.run(ForkJoinWorkerThread.java:187) ~[?:?]
Caused by: java.lang.IllegalStateException: Failed to load registries due to errors
	at net.minecraft.resources.RegistryDataLoader.createReportWithBriefInfo(RegistryDataLoader.java:291) ~[paper-26.1.2.jar:26.1.2-63-711c5de]
	... 8 more
